2020-11-02 10:02:27.524  INFO 14140 --- [restartedMain] com.frido.hd.CompanyFrameApplication     : Starting CompanyFrameApplication on LDHao-PC with PID 14140 (C:\Work\Learn\company-frame\target\classes started by LDHao in C:\Work\Learn\company-frame)
2020-11-02 10:02:27.534 DEBUG 14140 --- [restartedMain] com.frido.hd.CompanyFrameApplication     : Running with Spring Boot v2.3.3.RELEASE, Spring v5.2.8.RELEASE
2020-11-02 10:02:27.534  INFO 14140 --- [restartedMain] com.frido.hd.CompanyFrameApplication     : No active profile set, falling back to default profiles: default
2020-11-02 10:02:27.604  INFO 14140 --- [restartedMain] .e.DevToolsPropertyDefaultsPostProcessor : Devtools property defaults active! Set 'spring.devtools.add-properties' to 'false' to disable
2020-11-02 10:02:27.604  INFO 14140 --- [restartedMain] .e.DevToolsPropertyDefaultsPostProcessor : For additional web related logging consider setting the 'logging.level.web' property to 'DEBUG'
2020-11-02 10:02:28.714  INFO 14140 --- [restartedMain] .s.d.r.c.RepositoryConfigurationDelegate : Multiple Spring Data modules found, entering strict repository configuration mode!
2020-11-02 10:02:28.714  INFO 14140 --- [restartedMain] .s.d.r.c.RepositoryConfigurationDelegate : Bootstrapping Spring Data Redis repositories in DEFAULT mode.
2020-11-02 10:02:28.754  INFO 14140 --- [restartedMain] .s.d.r.c.RepositoryConfigurationDelegate : Finished Spring Data repository scanning in 19ms. Found 0 Redis repository interfaces.
2020-11-02 10:02:29.094  INFO 14140 --- [restartedMain] trationDelegate$BeanPostProcessorChecker : Bean 'shiroConfig' of type [com.frido.hd.shiro.ShiroConfig$$EnhancerBySpringCGLIB$$851760f7] is not eligible for getting processed by all BeanPostProcessors (for example: not eligible for auto-proxying)
2020-11-02 10:02:29.634  INFO 14140 --- [restartedMain] trationDelegate$BeanPostProcessorChecker : Bean 'redisConfig' of type [com.frido.hd.redis.RedisConfig$$EnhancerBySpringCGLIB$$fc00500b] is not eligible for getting processed by all BeanPostProcessors (for example: not eligible for auto-proxying)
2020-11-02 10:02:29.664  INFO 14140 --- [restartedMain] trationDelegate$BeanPostProcessorChecker : Bean 'spring.redis-org.springframework.boot.autoconfigure.data.redis.RedisProperties' of type [org.springframework.boot.autoconfigure.data.redis.RedisProperties] is not eligible for getting processed by all BeanPostProcessors (for example: not eligible for auto-proxying)
2020-11-02 10:02:29.664  INFO 14140 --- [restartedMain] trationDelegate$BeanPostProcessorChecker : Bean 'org.springframework.boot.autoconfigure.data.redis.LettuceConnectionConfiguration' of type [org.springframework.boot.autoconfigure.data.redis.LettuceConnectionConfiguration] is not eligible for getting processed by all BeanPostProcessors (for example: not eligible for auto-proxying)
2020-11-02 10:02:29.794  INFO 14140 --- [restartedMain] trationDelegate$BeanPostProcessorChecker : Bean 'lettuceClientResources' of type [io.lettuce.core.resource.DefaultClientResources] is not eligible for getting processed by all BeanPostProcessors (for example: not eligible for auto-proxying)
2020-11-02 10:02:29.924  INFO 14140 --- [restartedMain] trationDelegate$BeanPostProcessorChecker : Bean 'redisConnectionFactory' of type [org.springframework.data.redis.connection.lettuce.LettuceConnectionFactory] is not eligible for getting processed by all BeanPostProcessors (for example: not eligible for auto-proxying)
2020-11-02 10:02:30.094  INFO 14140 --- [restartedMain] trationDelegate$BeanPostProcessorChecker : Bean 'redisTemplate' of type [org.springframework.data.redis.core.RedisTemplate] is not eligible for getting processed by all BeanPostProcessors (for example: not eligible for auto-proxying)
2020-11-02 10:02:30.104  INFO 14140 --- [restartedMain] trationDelegate$BeanPostProcessorChecker : Bean 'redisService' of type [com.frido.hd.redis.RedisService] is not eligible for getting processed by all BeanPostProcessors (for example: not eligible for auto-proxying)
2020-11-02 10:02:30.104  INFO 14140 --- [restartedMain] trationDelegate$BeanPostProcessorChecker : Bean 'customHashedCredentialsMatcher' of type [com.frido.hd.shiro.CustomHashedCredentialsMatcher] is not eligible for getting processed by all BeanPostProcessors (for example: not eligible for auto-proxying)
2020-11-02 10:02:30.104  INFO 14140 --- [restartedMain] trationDelegate$BeanPostProcessorChecker : Bean 'cacheManager' of type [com.frido.hd.shiro.ShiroCacheManager] is not eligible for getting processed by all BeanPostProcessors (for example: not eligible for auto-proxying)
2020-11-02 10:02:30.104  INFO 14140 --- [restartedMain] trationDelegate$BeanPostProcessorChecker : Bean 'customRealm' of type [com.frido.hd.shiro.CustomRealm] is not eligible for getting processed by all BeanPostProcessors (for example: not eligible for auto-proxying)
2020-11-02 10:02:30.114  INFO 14140 --- [restartedMain] trationDelegate$BeanPostProcessorChecker : Bean 'securityManager' of type [org.apache.shiro.web.mgt.DefaultWebSecurityManager] is not eligible for getting processed by all BeanPostProcessors (for example: not eligible for auto-proxying)
2020-11-02 10:02:30.124  INFO 14140 --- [restartedMain] trationDelegate$BeanPostProcessorChecker : Bean 'authorizationAttributeSourceAdvisor' of type [org.apache.shiro.spring.security.interceptor.AuthorizationAttributeSourceAdvisor] is not eligible for getting processed by all BeanPostProcessors (for example: not eligible for auto-proxying)
2020-11-02 10:02:30.504  INFO 14140 --- [restartedMain] o.s.b.w.embedded.tomcat.TomcatWebServer  : Tomcat initialized with port(s): 8080 (http)
2020-11-02 10:02:30.514  INFO 14140 --- [restartedMain] o.apache.catalina.core.StandardService   : Starting service [Tomcat]
2020-11-02 10:02:30.514  INFO 14140 --- [restartedMain] org.apache.catalina.core.StandardEngine  : Starting Servlet engine: [Apache Tomcat/9.0.37]
2020-11-02 10:02:30.624  INFO 14140 --- [restartedMain] o.a.c.c.C.[Tomcat].[localhost].[/]       : Initializing Spring embedded WebApplicationContext
2020-11-02 10:02:30.624  INFO 14140 --- [restartedMain] w.s.c.ServletWebServerApplicationContext : Root WebApplicationContext: initialization completed in 3020 ms
2020-11-02 10:02:30.884  INFO 14140 --- [restartedMain] c.a.d.s.b.a.DruidDataSourceAutoConfigure : Init DruidDataSource
2020-11-02 10:02:31.254  INFO 14140 --- [restartedMain] com.alibaba.druid.pool.DruidDataSource   : {dataSource-1} inited
2020-11-02 10:02:32.444  INFO 14140 --- [restartedMain] pertySourcedRequestMappingHandlerMapping : Mapped URL path [/v2/api-docs] onto method [springfox.documentation.swagger2.web.Swagger2Controller#getDocumentation(String, HttpServletRequest)]
2020-11-02 10:02:32.634  INFO 14140 --- [restartedMain] o.s.s.concurrent.ThreadPoolTaskExecutor  : Initializing ExecutorService 'applicationTaskExecutor'
2020-11-02 10:02:32.704  INFO 14140 --- [restartedMain] o.s.b.d.a.OptionalLiveReloadServer       : LiveReload server is running on port 35729
2020-11-02 10:02:33.264  INFO 14140 --- [restartedMain] o.s.b.w.embedded.tomcat.TomcatWebServer  : Tomcat started on port(s): 8080 (http) with context path ''
2020-11-02 10:02:33.264  INFO 14140 --- [restartedMain] d.s.w.p.DocumentationPluginsBootstrapper : Context refreshed
2020-11-02 10:02:33.294  INFO 14140 --- [restartedMain] d.s.w.p.DocumentationPluginsBootstrapper : Found 1 custom documentation plugin(s)
2020-11-02 10:02:33.334  INFO 14140 --- [restartedMain] s.d.s.w.s.ApiListingReferenceScanner     : Scanning for api listing references
2020-11-02 10:02:33.604  INFO 14140 --- [restartedMain] com.frido.hd.CompanyFrameApplication     : Started CompanyFrameApplication in 6.791 seconds (JVM running for 8.296)
2020-11-02 10:02:50.148  INFO 14140 --- [http-nio-8080-exec-1] o.a.c.c.C.[Tomcat].[localhost].[/]       : Initializing Spring DispatcherServlet 'dispatcherServlet'
2020-11-02 10:02:50.149  INFO 14140 --- [http-nio-8080-exec-1] o.s.web.servlet.DispatcherServlet        : Initializing Servlet 'dispatcherServlet'
2020-11-02 10:02:50.165  INFO 14140 --- [http-nio-8080-exec-1] o.s.web.servlet.DispatcherServlet        : Completed initialization in 16 ms
2020-11-02 10:02:50.737  INFO 14140 --- [http-nio-8080-exec-1] c.f.hd.shiro.CustomAccessControlFilter   : request 接口地址，/api/home
2020-11-02 10:02:50.737  INFO 14140 --- [http-nio-8080-exec-1] c.f.hd.shiro.CustomAccessControlFilter   : request 接口的请求方式，GET
2020-11-02 10:02:53.020  INFO 14140 --- [http-nio-8080-exec-1] c.f.hd.shiro.CustomAccessControlFilter   : request 接口地址，/api/home
2020-11-02 10:02:53.020  INFO 14140 --- [http-nio-8080-exec-1] c.f.hd.shiro.CustomAccessControlFilter   : request 接口的请求方式，GET
2020-11-02 10:02:53.060  INFO 14140 --- [http-nio-8080-exec-1] c.f.h.s.CustomHashedCredentialsMatcher   : doCredentialsMatch---userId=9a26f5f1-cbd2-473d-82db-1d6dcf4598f8
2020-11-02 10:02:55.424  INFO 14140 --- [http-nio-8080-exec-10] c.f.hd.shiro.CustomAccessControlFilter   : request 接口地址，/sysPermission/permissions
2020-11-02 10:02:55.425  INFO 14140 --- [http-nio-8080-exec-10] c.f.hd.shiro.CustomAccessControlFilter   : request 接口的请求方式，GET
2020-11-02 10:02:55.426  INFO 14140 --- [http-nio-8080-exec-10] c.f.h.s.CustomHashedCredentialsMatcher   : doCredentialsMatch---userId=9a26f5f1-cbd2-473d-82db-1d6dcf4598f8
2020-11-02 10:05:48.083  INFO 14140 --- [http-nio-8080-exec-5] c.f.hd.shiro.CustomAccessControlFilter   : request 接口地址，/api/home
2020-11-02 10:05:48.083  INFO 14140 --- [http-nio-8080-exec-5] c.f.hd.shiro.CustomAccessControlFilter   : request 接口的请求方式，GET
2020-11-02 10:05:48.084  INFO 14140 --- [http-nio-8080-exec-5] c.f.h.s.CustomHashedCredentialsMatcher   : doCredentialsMatch---userId=9a26f5f1-cbd2-473d-82db-1d6dcf4598f8
2020-11-02 10:05:49.649  INFO 14140 --- [http-nio-8080-exec-8] c.f.hd.shiro.CustomAccessControlFilter   : request 接口地址，/sysPermission/permissions
2020-11-02 10:05:49.649  INFO 14140 --- [http-nio-8080-exec-8] c.f.hd.shiro.CustomAccessControlFilter   : request 接口的请求方式，GET
2020-11-02 10:05:49.650  INFO 14140 --- [http-nio-8080-exec-8] c.f.h.s.CustomHashedCredentialsMatcher   : doCredentialsMatch---userId=9a26f5f1-cbd2-473d-82db-1d6dcf4598f8
2020-11-02 10:05:49.651  INFO 14140 --- [http-nio-8080-exec-7] c.f.hd.shiro.CustomAccessControlFilter   : request 接口地址，/api/permission/tree
2020-11-02 10:05:49.651  INFO 14140 --- [http-nio-8080-exec-7] c.f.hd.shiro.CustomAccessControlFilter   : request 接口的请求方式，GET
2020-11-02 10:05:49.653  INFO 14140 --- [http-nio-8080-exec-7] c.f.h.s.CustomHashedCredentialsMatcher   : doCredentialsMatch---userId=9a26f5f1-cbd2-473d-82db-1d6dcf4598f8
2020-11-02 10:05:58.318  INFO 14140 --- [http-nio-8080-exec-3] c.f.hd.shiro.CustomAccessControlFilter   : request 接口地址，/api/home
2020-11-02 10:05:58.319  INFO 14140 --- [http-nio-8080-exec-3] c.f.hd.shiro.CustomAccessControlFilter   : request 接口的请求方式，GET
2020-11-02 10:05:58.320  INFO 14140 --- [http-nio-8080-exec-3] c.f.h.s.CustomHashedCredentialsMatcher   : doCredentialsMatch---userId=9a26f5f1-cbd2-473d-82db-1d6dcf4598f8
2020-11-02 10:06:00.572  INFO 14140 --- [http-nio-8080-exec-6] c.f.hd.shiro.CustomAccessControlFilter   : request 接口地址，/sysPermission/permissions
2020-11-02 10:06:00.572  INFO 14140 --- [http-nio-8080-exec-6] c.f.hd.shiro.CustomAccessControlFilter   : request 接口的请求方式，GET
2020-11-02 10:06:00.573  INFO 14140 --- [http-nio-8080-exec-6] c.f.h.s.CustomHashedCredentialsMatcher   : doCredentialsMatch---userId=9a26f5f1-cbd2-473d-82db-1d6dcf4598f8
2020-11-02 10:06:00.577  INFO 14140 --- [http-nio-8080-exec-4] c.f.hd.shiro.CustomAccessControlFilter   : request 接口地址，/api/permission/tree
2020-11-02 10:06:00.578  INFO 14140 --- [http-nio-8080-exec-4] c.f.hd.shiro.CustomAccessControlFilter   : request 接口的请求方式，GET
2020-11-02 10:06:00.579  INFO 14140 --- [http-nio-8080-exec-4] c.f.h.s.CustomHashedCredentialsMatcher   : doCredentialsMatch---userId=9a26f5f1-cbd2-473d-82db-1d6dcf4598f8
2020-11-02 10:06:57.241  INFO 14140 --- [Thread-15] o.s.s.concurrent.ThreadPoolTaskExecutor  : Shutting down ExecutorService 'applicationTaskExecutor'
2020-11-02 10:06:57.251  INFO 14140 --- [Thread-15] com.alibaba.druid.pool.DruidDataSource   : {dataSource-1} closed
2020-11-02 10:06:57.773  INFO 14140 --- [restartedMain] com.frido.hd.CompanyFrameApplication     : Starting CompanyFrameApplication on LDHao-PC with PID 14140 (C:\Work\Learn\company-frame\target\classes started by LDHao in C:\Work\Learn\company-frame)
2020-11-02 10:06:57.773 DEBUG 14140 --- [restartedMain] com.frido.hd.CompanyFrameApplication     : Running with Spring Boot v2.3.3.RELEASE, Spring v5.2.8.RELEASE
2020-11-02 10:06:57.773  INFO 14140 --- [restartedMain] com.frido.hd.CompanyFrameApplication     : No active profile set, falling back to default profiles: default
2020-11-02 10:06:58.093  INFO 14140 --- [restartedMain] .s.d.r.c.RepositoryConfigurationDelegate : Multiple Spring Data modules found, entering strict repository configuration mode!
2020-11-02 10:06:58.093  INFO 14140 --- [restartedMain] .s.d.r.c.RepositoryConfigurationDelegate : Bootstrapping Spring Data Redis repositories in DEFAULT mode.
2020-11-02 10:06:58.113  INFO 14140 --- [restartedMain] .s.d.r.c.RepositoryConfigurationDelegate : Finished Spring Data repository scanning in 12ms. Found 0 Redis repository interfaces.
2020-11-02 10:06:58.173  INFO 14140 --- [restartedMain] trationDelegate$BeanPostProcessorChecker : Bean 'shiroConfig' of type [com.frido.hd.shiro.ShiroConfig$$EnhancerBySpringCGLIB$$851760f7] is not eligible for getting processed by all BeanPostProcessors (for example: not eligible for auto-proxying)
2020-11-02 10:06:58.227  INFO 14140 --- [restartedMain] trationDelegate$BeanPostProcessorChecker : Bean 'redisConfig' of type [com.frido.hd.redis.RedisConfig$$EnhancerBySpringCGLIB$$fc00500b] is not eligible for getting processed by all BeanPostProcessors (for example: not eligible for auto-proxying)
2020-11-02 10:06:58.227  INFO 14140 --- [restartedMain] trationDelegate$BeanPostProcessorChecker : Bean 'spring.redis-org.springframework.boot.autoconfigure.data.redis.RedisProperties' of type [org.springframework.boot.autoconfigure.data.redis.RedisProperties] is not eligible for getting processed by all BeanPostProcessors (for example: not eligible for auto-proxying)
2020-11-02 10:06:58.237  INFO 14140 --- [restartedMain] trationDelegate$BeanPostProcessorChecker : Bean 'org.springframework.boot.autoconfigure.data.redis.LettuceConnectionConfiguration' of type [org.springframework.boot.autoconfigure.data.redis.LettuceConnectionConfiguration] is not eligible for getting processed by all BeanPostProcessors (for example: not eligible for auto-proxying)
2020-11-02 10:06:58.237  INFO 14140 --- [restartedMain] trationDelegate$BeanPostProcessorChecker : Bean 'lettuceClientResources' of type [io.lettuce.core.resource.DefaultClientResources] is not eligible for getting processed by all BeanPostProcessors (for example: not eligible for auto-proxying)
2020-11-02 10:06:58.237  INFO 14140 --- [restartedMain] trationDelegate$BeanPostProcessorChecker : Bean 'redisConnectionFactory' of type [org.springframework.data.redis.connection.lettuce.LettuceConnectionFactory] is not eligible for getting processed by all BeanPostProcessors (for example: not eligible for auto-proxying)
2020-11-02 10:06:58.247  INFO 14140 --- [restartedMain] trationDelegate$BeanPostProcessorChecker : Bean 'redisTemplate' of type [org.springframework.data.redis.core.RedisTemplate] is not eligible for getting processed by all BeanPostProcessors (for example: not eligible for auto-proxying)
2020-11-02 10:06:58.247  INFO 14140 --- [restartedMain] trationDelegate$BeanPostProcessorChecker : Bean 'redisService' of type [com.frido.hd.redis.RedisService] is not eligible for getting processed by all BeanPostProcessors (for example: not eligible for auto-proxying)
2020-11-02 10:06:58.247  INFO 14140 --- [restartedMain] trationDelegate$BeanPostProcessorChecker : Bean 'customHashedCredentialsMatcher' of type [com.frido.hd.shiro.CustomHashedCredentialsMatcher] is not eligible for getting processed by all BeanPostProcessors (for example: not eligible for auto-proxying)
2020-11-02 10:06:58.247  INFO 14140 --- [restartedMain] trationDelegate$BeanPostProcessorChecker : Bean 'cacheManager' of type [com.frido.hd.shiro.ShiroCacheManager] is not eligible for getting processed by all BeanPostProcessors (for example: not eligible for auto-proxying)
2020-11-02 10:06:58.247  INFO 14140 --- [restartedMain] trationDelegate$BeanPostProcessorChecker : Bean 'customRealm' of type [com.frido.hd.shiro.CustomRealm] is not eligible for getting processed by all BeanPostProcessors (for example: not eligible for auto-proxying)
2020-11-02 10:06:58.247  INFO 14140 --- [restartedMain] trationDelegate$BeanPostProcessorChecker : Bean 'securityManager' of type [org.apache.shiro.web.mgt.DefaultWebSecurityManager] is not eligible for getting processed by all BeanPostProcessors (for example: not eligible for auto-proxying)
2020-11-02 10:06:58.257  INFO 14140 --- [restartedMain] trationDelegate$BeanPostProcessorChecker : Bean 'authorizationAttributeSourceAdvisor' of type [org.apache.shiro.spring.security.interceptor.AuthorizationAttributeSourceAdvisor] is not eligible for getting processed by all BeanPostProcessors (for example: not eligible for auto-proxying)
2020-11-02 10:06:58.449  INFO 14140 --- [restartedMain] o.s.b.w.embedded.tomcat.TomcatWebServer  : Tomcat initialized with port(s): 8080 (http)
2020-11-02 10:06:58.449  INFO 14140 --- [restartedMain] o.apache.catalina.core.StandardService   : Starting service [Tomcat]
2020-11-02 10:06:58.449  INFO 14140 --- [restartedMain] org.apache.catalina.core.StandardEngine  : Starting Servlet engine: [Apache Tomcat/9.0.37]
2020-11-02 10:06:58.479  INFO 14140 --- [restartedMain] o.a.c.c.C.[Tomcat].[localhost].[/]       : Initializing Spring embedded WebApplicationContext
2020-11-02 10:06:58.479  INFO 14140 --- [restartedMain] w.s.c.ServletWebServerApplicationContext : Root WebApplicationContext: initialization completed in 706 ms
2020-11-02 10:06:58.599  INFO 14140 --- [restartedMain] c.a.d.s.b.a.DruidDataSourceAutoConfigure : Init DruidDataSource
2020-11-02 10:06:58.799  INFO 14140 --- [restartedMain] com.alibaba.druid.pool.DruidDataSource   : {dataSource-2} inited
2020-11-02 10:06:59.229  INFO 14140 --- [restartedMain] pertySourcedRequestMappingHandlerMapping : Mapped URL path [/v2/api-docs] onto method [springfox.documentation.swagger2.web.Swagger2Controller#getDocumentation(String, HttpServletRequest)]
2020-11-02 10:06:59.319  INFO 14140 --- [restartedMain] o.s.s.concurrent.ThreadPoolTaskExecutor  : Initializing ExecutorService 'applicationTaskExecutor'
2020-11-02 10:06:59.339  INFO 14140 --- [restartedMain] o.s.b.d.a.OptionalLiveReloadServer       : LiveReload server is running on port 35729
2020-11-02 10:06:59.559  INFO 14140 --- [restartedMain] o.s.b.w.embedded.tomcat.TomcatWebServer  : Tomcat started on port(s): 8080 (http) with context path ''
2020-11-02 10:06:59.559  INFO 14140 --- [restartedMain] d.s.w.p.DocumentationPluginsBootstrapper : Context refreshed
2020-11-02 10:06:59.559  INFO 14140 --- [restartedMain] d.s.w.p.DocumentationPluginsBootstrapper : Found 1 custom documentation plugin(s)
2020-11-02 10:06:59.559  INFO 14140 --- [restartedMain] s.d.s.w.s.ApiListingReferenceScanner     : Scanning for api listing references
2020-11-02 10:06:59.619  INFO 14140 --- [restartedMain] com.frido.hd.CompanyFrameApplication     : Started CompanyFrameApplication in 1.886 seconds (JVM running for 274.308)
2020-11-02 10:06:59.629  INFO 14140 --- [restartedMain] .ConditionEvaluationDeltaLoggingListener : Condition evaluation unchanged
2020-11-02 10:07:07.799  INFO 14140 --- [http-nio-8080-exec-1] o.a.c.c.C.[Tomcat].[localhost].[/]       : Initializing Spring DispatcherServlet 'dispatcherServlet'
2020-11-02 10:07:07.800  INFO 14140 --- [http-nio-8080-exec-1] o.s.web.servlet.DispatcherServlet        : Initializing Servlet 'dispatcherServlet'
2020-11-02 10:07:07.808  INFO 14140 --- [http-nio-8080-exec-1] o.s.web.servlet.DispatcherServlet        : Completed initialization in 8 ms
2020-11-02 10:07:07.924  INFO 14140 --- [http-nio-8080-exec-9] c.f.hd.shiro.CustomAccessControlFilter   : request 接口地址，/api/home
2020-11-02 10:07:07.925  INFO 14140 --- [http-nio-8080-exec-9] c.f.hd.shiro.CustomAccessControlFilter   : request 接口的请求方式，GET
2020-11-02 10:07:07.930  INFO 14140 --- [http-nio-8080-exec-9] c.f.h.s.CustomHashedCredentialsMatcher   : doCredentialsMatch---userId=9a26f5f1-cbd2-473d-82db-1d6dcf4598f8
2020-11-02 10:07:11.175  INFO 14140 --- [http-nio-8080-exec-5] c.f.hd.shiro.CustomAccessControlFilter   : request 接口地址，/sysPermission/permissions
2020-11-02 10:07:11.175  INFO 14140 --- [http-nio-8080-exec-5] c.f.hd.shiro.CustomAccessControlFilter   : request 接口的请求方式，GET
2020-11-02 10:07:11.176  INFO 14140 --- [http-nio-8080-exec-5] c.f.h.s.CustomHashedCredentialsMatcher   : doCredentialsMatch---userId=9a26f5f1-cbd2-473d-82db-1d6dcf4598f8
2020-11-02 10:07:11.178  INFO 14140 --- [http-nio-8080-exec-6] c.f.hd.shiro.CustomAccessControlFilter   : request 接口地址，/api/permission/tree
2020-11-02 10:07:11.178  INFO 14140 --- [http-nio-8080-exec-6] c.f.hd.shiro.CustomAccessControlFilter   : request 接口的请求方式，GET
2020-11-02 10:07:11.179  INFO 14140 --- [http-nio-8080-exec-6] c.f.h.s.CustomHashedCredentialsMatcher   : doCredentialsMatch---userId=9a26f5f1-cbd2-473d-82db-1d6dcf4598f8
2020-11-02 10:07:12.653  INFO 14140 --- [http-nio-8080-exec-4] c.f.hd.shiro.CustomAccessControlFilter   : request 接口地址，/api/home
2020-11-02 10:07:12.654  INFO 14140 --- [http-nio-8080-exec-4] c.f.hd.shiro.CustomAccessControlFilter   : request 接口的请求方式，GET
2020-11-02 10:07:12.655  INFO 14140 --- [http-nio-8080-exec-4] c.f.h.s.CustomHashedCredentialsMatcher   : doCredentialsMatch---userId=9a26f5f1-cbd2-473d-82db-1d6dcf4598f8
2020-11-02 10:07:47.299  INFO 14140 --- [http-nio-8080-exec-9] c.f.hd.shiro.CustomAccessControlFilter   : request 接口地址，/sysPermission/permissions
2020-11-02 10:07:47.299  INFO 14140 --- [http-nio-8080-exec-9] c.f.hd.shiro.CustomAccessControlFilter   : request 接口的请求方式，GET
2020-11-02 10:07:47.301  INFO 14140 --- [http-nio-8080-exec-9] c.f.h.s.CustomHashedCredentialsMatcher   : doCredentialsMatch---userId=9a26f5f1-cbd2-473d-82db-1d6dcf4598f8
2020-11-02 10:07:49.966  INFO 14140 --- [http-nio-8080-exec-2] c.f.hd.shiro.CustomAccessControlFilter   : request 接口地址，/api/permission/tree
2020-11-02 10:07:49.967  INFO 14140 --- [http-nio-8080-exec-2] c.f.hd.shiro.CustomAccessControlFilter   : request 接口的请求方式，GET
2020-11-02 10:07:49.971  INFO 14140 --- [http-nio-8080-exec-2] c.f.h.s.CustomHashedCredentialsMatcher   : doCredentialsMatch---userId=9a26f5f1-cbd2-473d-82db-1d6dcf4598f8
2020-11-02 10:08:48.644  INFO 14140 --- [http-nio-8080-exec-4] c.f.hd.shiro.CustomAccessControlFilter   : request 接口地址，/api/home
2020-11-02 10:08:48.644  INFO 14140 --- [http-nio-8080-exec-4] c.f.hd.shiro.CustomAccessControlFilter   : request 接口的请求方式，GET
2020-11-02 10:08:48.645  INFO 14140 --- [http-nio-8080-exec-4] c.f.h.s.CustomHashedCredentialsMatcher   : doCredentialsMatch---userId=9a26f5f1-cbd2-473d-82db-1d6dcf4598f8
2020-11-02 10:09:24.943  INFO 14140 --- [http-nio-8080-exec-10] c.f.hd.shiro.CustomAccessControlFilter   : request 接口地址，/sysPermission/permissions
2020-11-02 10:09:24.943  INFO 14140 --- [http-nio-8080-exec-10] c.f.hd.shiro.CustomAccessControlFilter   : request 接口的请求方式，GET
2020-11-02 10:09:24.944  INFO 14140 --- [http-nio-8080-exec-10] c.f.h.s.CustomHashedCredentialsMatcher   : doCredentialsMatch---userId=9a26f5f1-cbd2-473d-82db-1d6dcf4598f8
2020-11-02 10:09:24.947  INFO 14140 --- [http-nio-8080-exec-9] c.f.hd.shiro.CustomAccessControlFilter   : request 接口地址，/api/permission/tree
2020-11-02 10:09:24.947  INFO 14140 --- [http-nio-8080-exec-9] c.f.hd.shiro.CustomAccessControlFilter   : request 接口的请求方式，GET
2020-11-02 10:09:24.949  INFO 14140 --- [http-nio-8080-exec-9] c.f.h.s.CustomHashedCredentialsMatcher   : doCredentialsMatch---userId=9a26f5f1-cbd2-473d-82db-1d6dcf4598f8
2020-11-02 10:09:26.543  INFO 14140 --- [http-nio-8080-exec-7] c.f.hd.shiro.CustomAccessControlFilter   : request 接口地址，/api/home
2020-11-02 10:09:26.544  INFO 14140 --- [http-nio-8080-exec-7] c.f.hd.shiro.CustomAccessControlFilter   : request 接口的请求方式，GET
2020-11-02 10:09:26.545  INFO 14140 --- [http-nio-8080-exec-7] c.f.h.s.CustomHashedCredentialsMatcher   : doCredentialsMatch---userId=9a26f5f1-cbd2-473d-82db-1d6dcf4598f8
2020-11-02 10:09:42.540  INFO 14140 --- [http-nio-8080-exec-3] c.f.hd.shiro.CustomAccessControlFilter   : request 接口地址，/sysPermission/permissions
2020-11-02 10:09:42.540  INFO 14140 --- [http-nio-8080-exec-3] c.f.hd.shiro.CustomAccessControlFilter   : request 接口的请求方式，GET
2020-11-02 10:09:42.541  INFO 14140 --- [http-nio-8080-exec-3] c.f.h.s.CustomHashedCredentialsMatcher   : doCredentialsMatch---userId=9a26f5f1-cbd2-473d-82db-1d6dcf4598f8
2020-11-02 10:09:42.543  INFO 14140 --- [http-nio-8080-exec-4] c.f.hd.shiro.CustomAccessControlFilter   : request 接口地址，/api/permission/tree
2020-11-02 10:09:42.544  INFO 14140 --- [http-nio-8080-exec-4] c.f.hd.shiro.CustomAccessControlFilter   : request 接口的请求方式，GET
2020-11-02 10:09:42.545  INFO 14140 --- [http-nio-8080-exec-4] c.f.h.s.CustomHashedCredentialsMatcher   : doCredentialsMatch---userId=9a26f5f1-cbd2-473d-82db-1d6dcf4598f8
2020-11-02 10:10:28.805  INFO 14140 --- [http-nio-8080-exec-5] c.f.hd.shiro.CustomAccessControlFilter   : request 接口地址，/api/home
2020-11-02 10:10:28.805  INFO 14140 --- [http-nio-8080-exec-5] c.f.hd.shiro.CustomAccessControlFilter   : request 接口的请求方式，GET
2020-11-02 10:10:28.806  INFO 14140 --- [http-nio-8080-exec-5] c.f.h.s.CustomHashedCredentialsMatcher   : doCredentialsMatch---userId=9a26f5f1-cbd2-473d-82db-1d6dcf4598f8
2020-11-02 10:10:31.659  INFO 14140 --- [http-nio-8080-exec-3] c.f.hd.shiro.CustomAccessControlFilter   : request 接口地址，/sysPermission/permissions
2020-11-02 10:10:31.659  INFO 14140 --- [http-nio-8080-exec-3] c.f.hd.shiro.CustomAccessControlFilter   : request 接口的请求方式，GET
2020-11-02 10:10:31.660  INFO 14140 --- [http-nio-8080-exec-3] c.f.h.s.CustomHashedCredentialsMatcher   : doCredentialsMatch---userId=9a26f5f1-cbd2-473d-82db-1d6dcf4598f8
2020-11-02 10:10:31.687  INFO 14140 --- [http-nio-8080-exec-4] c.f.hd.shiro.CustomAccessControlFilter   : request 接口地址，/api/permission/tree
2020-11-02 10:10:31.687  INFO 14140 --- [http-nio-8080-exec-4] c.f.hd.shiro.CustomAccessControlFilter   : request 接口的请求方式，GET
2020-11-02 10:10:31.688  INFO 14140 --- [http-nio-8080-exec-4] c.f.h.s.CustomHashedCredentialsMatcher   : doCredentialsMatch---userId=9a26f5f1-cbd2-473d-82db-1d6dcf4598f8
2020-11-02 10:10:33.113  INFO 14140 --- [http-nio-8080-exec-9] c.f.hd.shiro.CustomAccessControlFilter   : request 接口地址，/api/home
2020-11-02 10:10:33.113  INFO 14140 --- [http-nio-8080-exec-9] c.f.hd.shiro.CustomAccessControlFilter   : request 接口的请求方式，GET
2020-11-02 10:10:33.114  INFO 14140 --- [http-nio-8080-exec-9] c.f.h.s.CustomHashedCredentialsMatcher   : doCredentialsMatch---userId=9a26f5f1-cbd2-473d-82db-1d6dcf4598f8
2020-11-02 10:10:33.908  INFO 14140 --- [http-nio-8080-exec-4] c.f.hd.shiro.CustomAccessControlFilter   : request 接口地址，/sysPermission/permissions
2020-11-02 10:10:33.908  INFO 14140 --- [http-nio-8080-exec-4] c.f.hd.shiro.CustomAccessControlFilter   : request 接口的请求方式，GET
2020-11-02 10:10:33.909  INFO 14140 --- [http-nio-8080-exec-4] c.f.h.s.CustomHashedCredentialsMatcher   : doCredentialsMatch---userId=9a26f5f1-cbd2-473d-82db-1d6dcf4598f8
2020-11-02 10:10:33.933  INFO 14140 --- [http-nio-8080-exec-6] c.f.hd.shiro.CustomAccessControlFilter   : request 接口地址，/api/permission/tree
2020-11-02 10:10:33.933  INFO 14140 --- [http-nio-8080-exec-6] c.f.hd.shiro.CustomAccessControlFilter   : request 接口的请求方式，GET
2020-11-02 10:10:33.934  INFO 14140 --- [http-nio-8080-exec-6] c.f.h.s.CustomHashedCredentialsMatcher   : doCredentialsMatch---userId=9a26f5f1-cbd2-473d-82db-1d6dcf4598f8
2020-11-02 10:10:34.778  INFO 14140 --- [http-nio-8080-exec-3] c.f.hd.shiro.CustomAccessControlFilter   : request 接口地址，/api/home
2020-11-02 10:10:34.778  INFO 14140 --- [http-nio-8080-exec-3] c.f.hd.shiro.CustomAccessControlFilter   : request 接口的请求方式，GET
2020-11-02 10:10:34.779  INFO 14140 --- [http-nio-8080-exec-3] c.f.h.s.CustomHashedCredentialsMatcher   : doCredentialsMatch---userId=9a26f5f1-cbd2-473d-82db-1d6dcf4598f8
2020-11-02 10:11:41.314  INFO 14140 --- [http-nio-8080-exec-5] c.f.hd.shiro.CustomAccessControlFilter   : request 接口地址，/api/home
2020-11-02 10:11:41.314  INFO 14140 --- [http-nio-8080-exec-5] c.f.hd.shiro.CustomAccessControlFilter   : request 接口的请求方式，GET
2020-11-02 10:11:41.316  INFO 14140 --- [http-nio-8080-exec-5] c.f.h.s.CustomHashedCredentialsMatcher   : doCredentialsMatch---userId=9a26f5f1-cbd2-473d-82db-1d6dcf4598f8
2020-11-02 10:11:42.659  INFO 14140 --- [http-nio-8080-exec-1] c.f.hd.shiro.CustomAccessControlFilter   : request 接口地址，/sysPermission/permissions
2020-11-02 10:11:42.660  INFO 14140 --- [http-nio-8080-exec-1] c.f.hd.shiro.CustomAccessControlFilter   : request 接口的请求方式，GET
2020-11-02 10:11:42.661  INFO 14140 --- [http-nio-8080-exec-1] c.f.h.s.CustomHashedCredentialsMatcher   : doCredentialsMatch---userId=9a26f5f1-cbd2-473d-82db-1d6dcf4598f8
2020-11-02 10:11:42.697  INFO 14140 --- [http-nio-8080-exec-2] c.f.hd.shiro.CustomAccessControlFilter   : request 接口地址，/sysPermission/permission/tree
2020-11-02 10:11:42.698  INFO 14140 --- [http-nio-8080-exec-2] c.f.hd.shiro.CustomAccessControlFilter   : request 接口的请求方式，GET
2020-11-02 10:11:42.699  INFO 14140 --- [http-nio-8080-exec-2] c.f.h.s.CustomHashedCredentialsMatcher   : doCredentialsMatch---userId=9a26f5f1-cbd2-473d-82db-1d6dcf4598f8
2020-11-02 10:42:06.969  INFO 14140 --- [http-nio-8080-exec-6] c.f.hd.shiro.CustomAccessControlFilter   : request 接口地址，/api/home
2020-11-02 10:42:06.970  INFO 14140 --- [http-nio-8080-exec-6] c.f.hd.shiro.CustomAccessControlFilter   : request 接口的请求方式，GET
2020-11-02 10:42:06.972  INFO 14140 --- [http-nio-8080-exec-6] c.f.h.s.CustomHashedCredentialsMatcher   : doCredentialsMatch---userId=9a26f5f1-cbd2-473d-82db-1d6dcf4598f8
2020-11-02 10:42:08.253  INFO 14140 --- [http-nio-8080-exec-8] c.f.hd.shiro.CustomAccessControlFilter   : request 接口地址，/sysPermission/permissions
2020-11-02 10:42:08.253  INFO 14140 --- [http-nio-8080-exec-8] c.f.hd.shiro.CustomAccessControlFilter   : request 接口的请求方式，GET
2020-11-02 10:42:08.253  INFO 14140 --- [http-nio-8080-exec-8] c.f.h.s.CustomHashedCredentialsMatcher   : doCredentialsMatch---userId=9a26f5f1-cbd2-473d-82db-1d6dcf4598f8
2020-11-02 10:42:08.282  INFO 14140 --- [http-nio-8080-exec-5] c.f.hd.shiro.CustomAccessControlFilter   : request 接口地址，/sysPermission/permission/tree
2020-11-02 10:42:08.282  INFO 14140 --- [http-nio-8080-exec-5] c.f.hd.shiro.CustomAccessControlFilter   : request 接口的请求方式，GET
2020-11-02 10:42:08.283  INFO 14140 --- [http-nio-8080-exec-5] c.f.h.s.CustomHashedCredentialsMatcher   : doCredentialsMatch---userId=9a26f5f1-cbd2-473d-82db-1d6dcf4598f8
2020-11-02 10:44:17.923  INFO 14140 --- [http-nio-8080-exec-4] c.f.hd.shiro.CustomAccessControlFilter   : request 接口地址，/api/home
2020-11-02 10:44:17.923  INFO 14140 --- [http-nio-8080-exec-4] c.f.hd.shiro.CustomAccessControlFilter   : request 接口的请求方式，GET
2020-11-02 10:44:17.924  INFO 14140 --- [http-nio-8080-exec-4] c.f.h.s.CustomHashedCredentialsMatcher   : doCredentialsMatch---userId=9a26f5f1-cbd2-473d-82db-1d6dcf4598f8
2020-11-02 10:44:19.043  INFO 14140 --- [http-nio-8080-exec-3] c.f.hd.shiro.CustomAccessControlFilter   : request 接口地址，/sysPermission/permissions
2020-11-02 10:44:19.043  INFO 14140 --- [http-nio-8080-exec-3] c.f.hd.shiro.CustomAccessControlFilter   : request 接口的请求方式，GET
2020-11-02 10:44:19.044  INFO 14140 --- [http-nio-8080-exec-3] c.f.h.s.CustomHashedCredentialsMatcher   : doCredentialsMatch---userId=9a26f5f1-cbd2-473d-82db-1d6dcf4598f8
2020-11-02 10:45:35.642  INFO 14140 --- [http-nio-8080-exec-1] c.f.hd.shiro.CustomAccessControlFilter   : request 接口地址，/api/home
2020-11-02 10:45:35.644  INFO 14140 --- [http-nio-8080-exec-1] c.f.hd.shiro.CustomAccessControlFilter   : request 接口的请求方式，GET
2020-11-02 10:45:35.645  INFO 14140 --- [http-nio-8080-exec-1] c.f.h.s.CustomHashedCredentialsMatcher   : doCredentialsMatch---userId=9a26f5f1-cbd2-473d-82db-1d6dcf4598f8
2020-11-02 10:45:36.906  INFO 14140 --- [http-nio-8080-exec-10] c.f.hd.shiro.CustomAccessControlFilter   : request 接口地址，/sysPermission/permissions
2020-11-02 10:45:36.907  INFO 14140 --- [http-nio-8080-exec-10] c.f.hd.shiro.CustomAccessControlFilter   : request 接口的请求方式，GET
2020-11-02 10:45:36.907  INFO 14140 --- [http-nio-8080-exec-10] c.f.h.s.CustomHashedCredentialsMatcher   : doCredentialsMatch---userId=9a26f5f1-cbd2-473d-82db-1d6dcf4598f8
2020-11-02 10:46:02.749  INFO 14140 --- [http-nio-8080-exec-8] c.f.hd.shiro.CustomAccessControlFilter   : request 接口地址，/api/home
2020-11-02 10:46:02.750  INFO 14140 --- [http-nio-8080-exec-8] c.f.hd.shiro.CustomAccessControlFilter   : request 接口的请求方式，GET
2020-11-02 10:46:02.752  INFO 14140 --- [http-nio-8080-exec-8] c.f.h.s.CustomHashedCredentialsMatcher   : doCredentialsMatch---userId=9a26f5f1-cbd2-473d-82db-1d6dcf4598f8
2020-11-02 10:46:03.945  INFO 14140 --- [http-nio-8080-exec-3] c.f.hd.shiro.CustomAccessControlFilter   : request 接口地址，/sysPermission/permissions
2020-11-02 10:46:03.945  INFO 14140 --- [http-nio-8080-exec-3] c.f.hd.shiro.CustomAccessControlFilter   : request 接口的请求方式，GET
2020-11-02 10:46:03.946  INFO 14140 --- [http-nio-8080-exec-3] c.f.h.s.CustomHashedCredentialsMatcher   : doCredentialsMatch---userId=9a26f5f1-cbd2-473d-82db-1d6dcf4598f8
2020-11-02 10:50:44.135  INFO 14140 --- [http-nio-8080-exec-8] c.f.hd.shiro.CustomAccessControlFilter   : request 接口地址，/api/home
2020-11-02 10:50:44.135  INFO 14140 --- [http-nio-8080-exec-8] c.f.hd.shiro.CustomAccessControlFilter   : request 接口的请求方式，GET
2020-11-02 10:50:44.136  INFO 14140 --- [http-nio-8080-exec-8] c.f.h.s.CustomHashedCredentialsMatcher   : doCredentialsMatch---userId=9a26f5f1-cbd2-473d-82db-1d6dcf4598f8
2020-11-02 10:50:45.355  INFO 14140 --- [http-nio-8080-exec-9] c.f.hd.shiro.CustomAccessControlFilter   : request 接口地址，/sysPermission/permissions
2020-11-02 10:50:45.355  INFO 14140 --- [http-nio-8080-exec-9] c.f.hd.shiro.CustomAccessControlFilter   : request 接口的请求方式，GET
2020-11-02 10:50:45.356  INFO 14140 --- [http-nio-8080-exec-9] c.f.h.s.CustomHashedCredentialsMatcher   : doCredentialsMatch---userId=9a26f5f1-cbd2-473d-82db-1d6dcf4598f8
2020-11-02 10:55:35.548  INFO 14140 --- [http-nio-8080-exec-1] c.f.hd.shiro.CustomAccessControlFilter   : request 接口地址，/api/home
2020-11-02 10:55:35.549  INFO 14140 --- [http-nio-8080-exec-1] c.f.hd.shiro.CustomAccessControlFilter   : request 接口的请求方式，GET
2020-11-02 10:55:35.549  INFO 14140 --- [http-nio-8080-exec-1] c.f.h.s.CustomHashedCredentialsMatcher   : doCredentialsMatch---userId=9a26f5f1-cbd2-473d-82db-1d6dcf4598f8
2020-11-02 10:55:36.492  INFO 14140 --- [http-nio-8080-exec-2] c.f.hd.shiro.CustomAccessControlFilter   : request 接口地址，/sysPermission/permissions
2020-11-02 10:55:36.493  INFO 14140 --- [http-nio-8080-exec-2] c.f.hd.shiro.CustomAccessControlFilter   : request 接口的请求方式，GET
2020-11-02 10:55:36.493  INFO 14140 --- [http-nio-8080-exec-2] c.f.h.s.CustomHashedCredentialsMatcher   : doCredentialsMatch---userId=9a26f5f1-cbd2-473d-82db-1d6dcf4598f8
2020-11-02 10:58:50.952  INFO 14140 --- [http-nio-8080-exec-3] c.f.hd.shiro.CustomAccessControlFilter   : request 接口地址，/api/home
2020-11-02 10:58:50.952  INFO 14140 --- [http-nio-8080-exec-3] c.f.hd.shiro.CustomAccessControlFilter   : request 接口的请求方式，GET
2020-11-02 10:58:50.953  INFO 14140 --- [http-nio-8080-exec-3] c.f.h.s.CustomHashedCredentialsMatcher   : doCredentialsMatch---userId=9a26f5f1-cbd2-473d-82db-1d6dcf4598f8
2020-11-02 10:58:52.313  INFO 14140 --- [http-nio-8080-exec-1] c.f.hd.shiro.CustomAccessControlFilter   : request 接口地址，/sysPermission/permissions
2020-11-02 10:58:52.314  INFO 14140 --- [http-nio-8080-exec-1] c.f.hd.shiro.CustomAccessControlFilter   : request 接口的请求方式，GET
2020-11-02 10:58:52.315  INFO 14140 --- [http-nio-8080-exec-1] c.f.h.s.CustomHashedCredentialsMatcher   : doCredentialsMatch---userId=9a26f5f1-cbd2-473d-82db-1d6dcf4598f8
2020-11-02 11:07:51.883  INFO 14140 --- [http-nio-8080-exec-4] c.f.hd.shiro.CustomAccessControlFilter   : request 接口地址，/api/home
2020-11-02 11:07:51.883  INFO 14140 --- [http-nio-8080-exec-4] c.f.hd.shiro.CustomAccessControlFilter   : request 接口的请求方式，GET
2020-11-02 11:07:51.885  INFO 14140 --- [http-nio-8080-exec-4] c.f.h.s.CustomHashedCredentialsMatcher   : doCredentialsMatch---userId=9a26f5f1-cbd2-473d-82db-1d6dcf4598f8
2020-11-02 11:08:01.405  INFO 14140 --- [http-nio-8080-exec-8] c.f.hd.shiro.CustomAccessControlFilter   : request 接口地址，/sysPermission/permissions
2020-11-02 11:08:01.405  INFO 14140 --- [http-nio-8080-exec-8] c.f.hd.shiro.CustomAccessControlFilter   : request 接口的请求方式，GET
2020-11-02 11:08:01.406  INFO 14140 --- [http-nio-8080-exec-8] c.f.h.s.CustomHashedCredentialsMatcher   : doCredentialsMatch---userId=9a26f5f1-cbd2-473d-82db-1d6dcf4598f8
2020-11-02 11:13:03.630  INFO 14140 --- [http-nio-8080-exec-2] c.f.hd.shiro.CustomAccessControlFilter   : request 接口地址，/api/home
2020-11-02 11:13:03.630  INFO 14140 --- [http-nio-8080-exec-2] c.f.hd.shiro.CustomAccessControlFilter   : request 接口的请求方式，GET
2020-11-02 11:13:03.631  INFO 14140 --- [http-nio-8080-exec-2] c.f.h.s.CustomHashedCredentialsMatcher   : doCredentialsMatch---userId=9a26f5f1-cbd2-473d-82db-1d6dcf4598f8
2020-11-02 11:13:04.779  INFO 14140 --- [http-nio-8080-exec-5] c.f.hd.shiro.CustomAccessControlFilter   : request 接口地址，/sysPermission/permissions
2020-11-02 11:13:04.779  INFO 14140 --- [http-nio-8080-exec-5] c.f.hd.shiro.CustomAccessControlFilter   : request 接口的请求方式，GET
2020-11-02 11:13:04.780  INFO 14140 --- [http-nio-8080-exec-5] c.f.h.s.CustomHashedCredentialsMatcher   : doCredentialsMatch---userId=9a26f5f1-cbd2-473d-82db-1d6dcf4598f8
2020-11-02 11:14:22.999  INFO 14140 --- [http-nio-8080-exec-4] c.f.hd.shiro.CustomAccessControlFilter   : request 接口地址，/api/home
2020-11-02 11:14:23.001  INFO 14140 --- [http-nio-8080-exec-4] c.f.hd.shiro.CustomAccessControlFilter   : request 接口的请求方式，GET
2020-11-02 11:14:23.002  INFO 14140 --- [http-nio-8080-exec-4] c.f.h.s.CustomHashedCredentialsMatcher   : doCredentialsMatch---userId=9a26f5f1-cbd2-473d-82db-1d6dcf4598f8
2020-11-02 11:14:24.115  INFO 14140 --- [http-nio-8080-exec-1] c.f.hd.shiro.CustomAccessControlFilter   : request 接口地址，/sysPermission/permissions
2020-11-02 11:14:24.116  INFO 14140 --- [http-nio-8080-exec-1] c.f.hd.shiro.CustomAccessControlFilter   : request 接口的请求方式，GET
2020-11-02 11:14:24.116  INFO 14140 --- [http-nio-8080-exec-1] c.f.h.s.CustomHashedCredentialsMatcher   : doCredentialsMatch---userId=9a26f5f1-cbd2-473d-82db-1d6dcf4598f8
2020-11-02 11:14:25.038  INFO 14140 --- [http-nio-8080-exec-5] c.f.hd.shiro.CustomAccessControlFilter   : request 接口地址，/sysPermission/permission/tree
2020-11-02 11:14:25.038  INFO 14140 --- [http-nio-8080-exec-5] c.f.hd.shiro.CustomAccessControlFilter   : request 接口的请求方式，GET
2020-11-02 11:14:25.039  INFO 14140 --- [http-nio-8080-exec-5] c.f.h.s.CustomHashedCredentialsMatcher   : doCredentialsMatch---userId=9a26f5f1-cbd2-473d-82db-1d6dcf4598f8
2020-11-02 11:14:34.479  INFO 14140 --- [http-nio-8080-exec-8] c.f.hd.shiro.CustomAccessControlFilter   : request 接口地址，/api/home
2020-11-02 11:14:34.480  INFO 14140 --- [http-nio-8080-exec-8] c.f.hd.shiro.CustomAccessControlFilter   : request 接口的请求方式，GET
2020-11-02 11:14:34.481  INFO 14140 --- [http-nio-8080-exec-8] c.f.h.s.CustomHashedCredentialsMatcher   : doCredentialsMatch---userId=9a26f5f1-cbd2-473d-82db-1d6dcf4598f8
2020-11-02 11:14:35.601  INFO 14140 --- [http-nio-8080-exec-7] c.f.hd.shiro.CustomAccessControlFilter   : request 接口地址，/sysPermission/permissions
2020-11-02 11:14:35.601  INFO 14140 --- [http-nio-8080-exec-7] c.f.hd.shiro.CustomAccessControlFilter   : request 接口的请求方式，GET
2020-11-02 11:14:35.602  INFO 14140 --- [http-nio-8080-exec-7] c.f.h.s.CustomHashedCredentialsMatcher   : doCredentialsMatch---userId=9a26f5f1-cbd2-473d-82db-1d6dcf4598f8
2020-11-02 11:14:36.518  INFO 14140 --- [http-nio-8080-exec-10] c.f.hd.shiro.CustomAccessControlFilter   : request 接口地址，/sysPermission/permission/tree
2020-11-02 11:14:36.519  INFO 14140 --- [http-nio-8080-exec-10] c.f.hd.shiro.CustomAccessControlFilter   : request 接口的请求方式，GET
2020-11-02 11:14:36.519  INFO 14140 --- [http-nio-8080-exec-10] c.f.h.s.CustomHashedCredentialsMatcher   : doCredentialsMatch---userId=9a26f5f1-cbd2-473d-82db-1d6dcf4598f8
2020-11-02 11:14:50.040  INFO 14140 --- [http-nio-8080-exec-5] c.f.hd.shiro.CustomAccessControlFilter   : request 接口地址，/sysPermission/permissions
2020-11-02 11:14:50.041  INFO 14140 --- [http-nio-8080-exec-5] c.f.hd.shiro.CustomAccessControlFilter   : request 接口的请求方式，GET
2020-11-02 11:14:50.041  INFO 14140 --- [http-nio-8080-exec-5] c.f.h.s.CustomHashedCredentialsMatcher   : doCredentialsMatch---userId=9a26f5f1-cbd2-473d-82db-1d6dcf4598f8
2020-11-02 11:14:52.466  INFO 14140 --- [http-nio-8080-exec-3] c.f.hd.shiro.CustomAccessControlFilter   : request 接口地址，/sysPermission/permission/tree
2020-11-02 11:14:52.466  INFO 14140 --- [http-nio-8080-exec-3] c.f.hd.shiro.CustomAccessControlFilter   : request 接口的请求方式，GET
2020-11-02 11:14:52.468  INFO 14140 --- [http-nio-8080-exec-3] c.f.h.s.CustomHashedCredentialsMatcher   : doCredentialsMatch---userId=9a26f5f1-cbd2-473d-82db-1d6dcf4598f8
2020-11-02 11:14:54.082  INFO 14140 --- [http-nio-8080-exec-4] c.f.hd.shiro.CustomAccessControlFilter   : request 接口地址，/sysPermission/permissions
2020-11-02 11:14:54.082  INFO 14140 --- [http-nio-8080-exec-4] c.f.hd.shiro.CustomAccessControlFilter   : request 接口的请求方式，GET
2020-11-02 11:14:54.083  INFO 14140 --- [http-nio-8080-exec-4] c.f.h.s.CustomHashedCredentialsMatcher   : doCredentialsMatch---userId=9a26f5f1-cbd2-473d-82db-1d6dcf4598f8
2020-11-02 11:17:39.417  INFO 14140 --- [http-nio-8080-exec-7] c.f.hd.shiro.CustomAccessControlFilter   : request 接口地址，/sysPermission/permission/tree
2020-11-02 11:17:39.417  INFO 14140 --- [http-nio-8080-exec-7] c.f.hd.shiro.CustomAccessControlFilter   : request 接口的请求方式，GET
2020-11-02 11:17:39.418  INFO 14140 --- [http-nio-8080-exec-7] c.f.h.s.CustomHashedCredentialsMatcher   : doCredentialsMatch---userId=9a26f5f1-cbd2-473d-82db-1d6dcf4598f8
2020-11-02 11:32:34.557  INFO 14140 --- [http-nio-8080-exec-4] c.f.hd.shiro.CustomAccessControlFilter   : request 接口地址，/api/home
2020-11-02 11:32:34.557  INFO 14140 --- [http-nio-8080-exec-4] c.f.hd.shiro.CustomAccessControlFilter   : request 接口的请求方式，GET
2020-11-02 11:32:34.558  INFO 14140 --- [http-nio-8080-exec-4] c.f.h.s.CustomHashedCredentialsMatcher   : doCredentialsMatch---userId=9a26f5f1-cbd2-473d-82db-1d6dcf4598f8
2020-11-02 11:32:35.787  INFO 14140 --- [http-nio-8080-exec-2] c.f.hd.shiro.CustomAccessControlFilter   : request 接口地址，/sysPermission/permissions
2020-11-02 11:32:35.787  INFO 14140 --- [http-nio-8080-exec-2] c.f.hd.shiro.CustomAccessControlFilter   : request 接口的请求方式，GET
2020-11-02 11:32:35.788  INFO 14140 --- [http-nio-8080-exec-2] c.f.h.s.CustomHashedCredentialsMatcher   : doCredentialsMatch---userId=9a26f5f1-cbd2-473d-82db-1d6dcf4598f8
2020-11-02 11:32:36.922  INFO 14140 --- [http-nio-8080-exec-3] c.f.hd.shiro.CustomAccessControlFilter   : request 接口地址，/sysPermission/permission/tree
2020-11-02 11:32:36.922  INFO 14140 --- [http-nio-8080-exec-3] c.f.hd.shiro.CustomAccessControlFilter   : request 接口的请求方式，GET
2020-11-02 11:32:36.923  INFO 14140 --- [http-nio-8080-exec-3] c.f.h.s.CustomHashedCredentialsMatcher   : doCredentialsMatch---userId=9a26f5f1-cbd2-473d-82db-1d6dcf4598f8
2020-11-02 16:50:59.905  INFO 14140 --- [http-nio-8080-exec-3] c.f.hd.shiro.CustomAccessControlFilter   : request 接口地址，/sysPermission/permissions
2020-11-02 16:50:59.905  INFO 14140 --- [http-nio-8080-exec-3] c.f.hd.shiro.CustomAccessControlFilter   : request 接口的请求方式，GET
2020-11-02 16:50:59.927  INFO 14140 --- [http-nio-8080-exec-3] c.f.h.s.CustomHashedCredentialsMatcher   : doCredentialsMatch---userId=9a26f5f1-cbd2-473d-82db-1d6dcf4598f8
2020-11-02 16:50:59.941  WARN 14140 --- [http-nio-8080-exec-3] o.a.shiro.authc.AbstractAuthenticator    : Authentication failed for token submission [com.frido.hd.shiro.CustomPasswordToken - null, rememberMe=false].  Possible unexpected error? (Typical or expected login exceptions should extend from AuthenticationException).

com.frido.hd.exception.BusinessException: token失效,请刷新token
	at com.frido.hd.shiro.CustomHashedCredentialsMatcher.doCredentialsMatch(CustomHashedCredentialsMatcher.java:33) ~[classes/:na]
	at org.apache.shiro.realm.AuthenticatingRealm.assertCredentialsMatch(AuthenticatingRealm.java:600) ~[shiro-core-1.4.1.jar:1.4.1]
	at org.apache.shiro.realm.AuthenticatingRealm.getAuthenticationInfo(AuthenticatingRealm.java:581) ~[shiro-core-1.4.1.jar:1.4.1]
	at org.apache.shiro.authc.pam.ModularRealmAuthenticator.doSingleRealmAuthentication(ModularRealmAuthenticator.java:180) ~[shiro-core-1.4.1.jar:1.4.1]
	at org.apache.shiro.authc.pam.ModularRealmAuthenticator.doAuthenticate(ModularRealmAuthenticator.java:267) ~[shiro-core-1.4.1.jar:1.4.1]
	at org.apache.shiro.authc.AbstractAuthenticator.authenticate(AbstractAuthenticator.java:198) ~[shiro-core-1.4.1.jar:1.4.1]
	at org.apache.shiro.mgt.AuthenticatingSecurityManager.authenticate(AuthenticatingSecurityManager.java:106) [shiro-core-1.4.1.jar:1.4.1]
	at org.apache.shiro.mgt.DefaultSecurityManager.login(DefaultSecurityManager.java:275) [shiro-core-1.4.1.jar:1.4.1]
	at org.apache.shiro.subject.support.DelegatingSubject.login(DelegatingSubject.java:260) [shiro-core-1.4.1.jar:1.4.1]
	at com.frido.hd.shiro.CustomAccessControlFilter.onAccessDenied(CustomAccessControlFilter.java:55) [classes/:na]
	at org.apache.shiro.web.filter.AccessControlFilter.onAccessDenied(AccessControlFilter.java:133) [shiro-web-1.4.1.jar:1.4.1]
	at org.apache.shiro.web.filter.AccessControlFilter.onPreHandle(AccessControlFilter.java:162) [shiro-web-1.4.1.jar:1.4.1]
	at org.apache.shiro.web.filter.PathMatchingFilter.isFilterChainContinued(PathMatchingFilter.java:203) [shiro-web-1.4.1.jar:1.4.1]
	at org.apache.shiro.web.filter.PathMatchingFilter.preHandle(PathMatchingFilter.java:178) [shiro-web-1.4.1.jar:1.4.1]
	at org.apache.shiro.web.servlet.AdviceFilter.doFilterInternal(AdviceFilter.java:131) [shiro-web-1.4.1.jar:1.4.1]
	at org.apache.shiro.web.servlet.OncePerRequestFilter.doFilter(OncePerRequestFilter.java:125) [shiro-web-1.4.1.jar:1.4.1]
	at org.apache.shiro.web.servlet.ProxiedFilterChain.doFilter(ProxiedFilterChain.java:66) [shiro-web-1.4.1.jar:1.4.1]
	at org.apache.shiro.web.servlet.AbstractShiroFilter.executeChain(AbstractShiroFilter.java:449) [shiro-web-1.4.1.jar:1.4.1]
	at org.apache.shiro.web.servlet.AbstractShiroFilter$1.call(AbstractShiroFilter.java:365) [shiro-web-1.4.1.jar:1.4.1]
	at org.apache.shiro.subject.support.SubjectCallable.doCall(SubjectCallable.java:90) [shiro-core-1.4.1.jar:1.4.1]
	at org.apache.shiro.subject.support.SubjectCallable.call(SubjectCallable.java:83) [shiro-core-1.4.1.jar:1.4.1]
	at org.apache.shiro.subject.support.DelegatingSubject.execute(DelegatingSubject.java:387) [shiro-core-1.4.1.jar:1.4.1]
	at org.apache.shiro.web.servlet.AbstractShiroFilter.doFilterInternal(AbstractShiroFilter.java:362) [shiro-web-1.4.1.jar:1.4.1]
	at org.apache.shiro.web.servlet.OncePerRequestFilter.doFilter(OncePerRequestFilter.java:125) [shiro-web-1.4.1.jar:1.4.1]
	at org.apache.catalina.core.ApplicationFilterChain.internalDoFilter(ApplicationFilterChain.java:193) [tomcat-embed-core-9.0.37.jar:9.0.37]
	at org.apache.catalina.core.ApplicationFilterChain.doFilter(ApplicationFilterChain.java:166) [tomcat-embed-core-9.0.37.jar:9.0.37]
	at com.alibaba.druid.support.http.WebStatFilter.doFilter(WebStatFilter.java:123) [druid-1.1.10.jar:1.1.10]
	at org.apache.catalina.core.ApplicationFilterChain.internalDoFilter(ApplicationFilterChain.java:193) [tomcat-embed-core-9.0.37.jar:9.0.37]
	at org.apache.catalina.core.ApplicationFilterChain.doFilter(ApplicationFilterChain.java:166) [tomcat-embed-core-9.0.37.jar:9.0.37]
	at org.springframework.web.filter.RequestContextFilter.doFilterInternal(RequestContextFilter.java:100) [spring-web-5.2.8.RELEASE.jar:5.2.8.RELEASE]
	at org.springframework.web.filter.OncePerRequestFilter.doFilter(OncePerRequestFilter.java:119) [spring-web-5.2.8.RELEASE.jar:5.2.8.RELEASE]
	at org.apache.catalina.core.ApplicationFilterChain.internalDoFilter(ApplicationFilterChain.java:193) [tomcat-embed-core-9.0.37.jar:9.0.37]
	at org.apache.catalina.core.ApplicationFilterChain.doFilter(ApplicationFilterChain.java:166) [tomcat-embed-core-9.0.37.jar:9.0.37]
	at org.springframework.web.filter.FormContentFilter.doFilterInternal(FormContentFilter.java:93) [spring-web-5.2.8.RELEASE.jar:5.2.8.RELEASE]
	at org.springframework.web.filter.OncePerRequestFilter.doFilter(OncePerRequestFilter.java:119) [spring-web-5.2.8.RELEASE.jar:5.2.8.RELEASE]
	at org.apache.catalina.core.ApplicationFilterChain.internalDoFilter(ApplicationFilterChain.java:193) [tomcat-embed-core-9.0.37.jar:9.0.37]
	at org.apache.catalina.core.ApplicationFilterChain.doFilter(ApplicationFilterChain.java:166) [tomcat-embed-core-9.0.37.jar:9.0.37]
	at org.springframework.web.filter.CharacterEncodingFilter.doFilterInternal(CharacterEncodingFilter.java:201) [spring-web-5.2.8.RELEASE.jar:5.2.8.RELEASE]
	at org.springframework.web.filter.OncePerRequestFilter.doFilter(OncePerRequestFilter.java:119) [spring-web-5.2.8.RELEASE.jar:5.2.8.RELEASE]
	at org.apache.catalina.core.ApplicationFilterChain.internalDoFilter(ApplicationFilterChain.java:193) [tomcat-embed-core-9.0.37.jar:9.0.37]
	at org.apache.catalina.core.ApplicationFilterChain.doFilter(ApplicationFilterChain.java:166) [tomcat-embed-core-9.0.37.jar:9.0.37]
	at org.apache.catalina.core.StandardWrapperValve.invoke(StandardWrapperValve.java:202) [tomcat-embed-core-9.0.37.jar:9.0.37]
	at org.apache.catalina.core.StandardContextValve.invoke(StandardContextValve.java:96) [tomcat-embed-core-9.0.37.jar:9.0.37]
	at org.apache.catalina.authenticator.AuthenticatorBase.invoke(AuthenticatorBase.java:541) [tomcat-embed-core-9.0.37.jar:9.0.37]
	at org.apache.catalina.core.StandardHostValve.invoke(StandardHostValve.java:139) [tomcat-embed-core-9.0.37.jar:9.0.37]
	at org.apache.catalina.valves.ErrorReportValve.invoke(ErrorReportValve.java:92) [tomcat-embed-core-9.0.37.jar:9.0.37]
	at org.apache.catalina.core.StandardEngineValve.invoke(StandardEngineValve.java:74) [tomcat-embed-core-9.0.37.jar:9.0.37]
	at org.apache.catalina.connector.CoyoteAdapter.service(CoyoteAdapter.java:343) [tomcat-embed-core-9.0.37.jar:9.0.37]
	at org.apache.coyote.http11.Http11Processor.service(Http11Processor.java:373) [tomcat-embed-core-9.0.37.jar:9.0.37]
	at org.apache.coyote.AbstractProcessorLight.process(AbstractProcessorLight.java:65) [tomcat-embed-core-9.0.37.jar:9.0.37]
	at org.apache.coyote.AbstractProtocol$ConnectionHandler.process(AbstractProtocol.java:868) [tomcat-embed-core-9.0.37.jar:9.0.37]
	at org.apache.tomcat.util.net.NioEndpoint$SocketProcessor.doRun(NioEndpoint.java:1589) [tomcat-embed-core-9.0.37.jar:9.0.37]
	at org.apache.tomcat.util.net.SocketProcessorBase.run(SocketProcessorBase.java:49) [tomcat-embed-core-9.0.37.jar:9.0.37]
	at java.util.concurrent.ThreadPoolExecutor.runWorker(ThreadPoolExecutor.java:1149) [na:1.8.0_181]
	at java.util.concurrent.ThreadPoolExecutor$Worker.run(ThreadPoolExecutor.java:624) [na:1.8.0_181]
	at org.apache.tomcat.util.threads.TaskThread$WrappingRunnable.run(TaskThread.java:61) [tomcat-embed-core-9.0.37.jar:9.0.37]
	at java.lang.Thread.run(Thread.java:748) [na:1.8.0_181]

2020-11-02 16:51:01.905  INFO 14140 --- [http-nio-8080-exec-10] c.f.hd.shiro.CustomAccessControlFilter   : request 接口地址，/api/home
2020-11-02 16:51:01.906  INFO 14140 --- [http-nio-8080-exec-10] c.f.hd.shiro.CustomAccessControlFilter   : request 接口的请求方式，GET
2020-11-02 16:51:01.906  INFO 14140 --- [http-nio-8080-exec-10] c.f.h.s.CustomHashedCredentialsMatcher   : doCredentialsMatch---userId=9a26f5f1-cbd2-473d-82db-1d6dcf4598f8
2020-11-02 16:51:01.914  WARN 14140 --- [http-nio-8080-exec-10] o.a.shiro.authc.AbstractAuthenticator    : Authentication failed for token submission [com.frido.hd.shiro.CustomPasswordToken - null, rememberMe=false].  Possible unexpected error? (Typical or expected login exceptions should extend from AuthenticationException).

com.frido.hd.exception.BusinessException: token失效,请刷新token
	at com.frido.hd.shiro.CustomHashedCredentialsMatcher.doCredentialsMatch(CustomHashedCredentialsMatcher.java:33) ~[classes/:na]
	at org.apache.shiro.realm.AuthenticatingRealm.assertCredentialsMatch(AuthenticatingRealm.java:600) ~[shiro-core-1.4.1.jar:1.4.1]
	at org.apache.shiro.realm.AuthenticatingRealm.getAuthenticationInfo(AuthenticatingRealm.java:581) ~[shiro-core-1.4.1.jar:1.4.1]
	at org.apache.shiro.authc.pam.ModularRealmAuthenticator.doSingleRealmAuthentication(ModularRealmAuthenticator.java:180) ~[shiro-core-1.4.1.jar:1.4.1]
	at org.apache.shiro.authc.pam.ModularRealmAuthenticator.doAuthenticate(ModularRealmAuthenticator.java:267) ~[shiro-core-1.4.1.jar:1.4.1]
	at org.apache.shiro.authc.AbstractAuthenticator.authenticate(AbstractAuthenticator.java:198) ~[shiro-core-1.4.1.jar:1.4.1]
	at org.apache.shiro.mgt.AuthenticatingSecurityManager.authenticate(AuthenticatingSecurityManager.java:106) [shiro-core-1.4.1.jar:1.4.1]
	at org.apache.shiro.mgt.DefaultSecurityManager.login(DefaultSecurityManager.java:275) [shiro-core-1.4.1.jar:1.4.1]
	at org.apache.shiro.subject.support.DelegatingSubject.login(DelegatingSubject.java:260) [shiro-core-1.4.1.jar:1.4.1]
	at com.frido.hd.shiro.CustomAccessControlFilter.onAccessDenied(CustomAccessControlFilter.java:55) [classes/:na]
	at org.apache.shiro.web.filter.AccessControlFilter.onAccessDenied(AccessControlFilter.java:133) [shiro-web-1.4.1.jar:1.4.1]
	at org.apache.shiro.web.filter.AccessControlFilter.onPreHandle(AccessControlFilter.java:162) [shiro-web-1.4.1.jar:1.4.1]
	at org.apache.shiro.web.filter.PathMatchingFilter.isFilterChainContinued(PathMatchingFilter.java:203) [shiro-web-1.4.1.jar:1.4.1]
	at org.apache.shiro.web.filter.PathMatchingFilter.preHandle(PathMatchingFilter.java:178) [shiro-web-1.4.1.jar:1.4.1]
	at org.apache.shiro.web.servlet.AdviceFilter.doFilterInternal(AdviceFilter.java:131) [shiro-web-1.4.1.jar:1.4.1]
	at org.apache.shiro.web.servlet.OncePerRequestFilter.doFilter(OncePerRequestFilter.java:125) [shiro-web-1.4.1.jar:1.4.1]
	at org.apache.shiro.web.servlet.ProxiedFilterChain.doFilter(ProxiedFilterChain.java:66) [shiro-web-1.4.1.jar:1.4.1]
	at org.apache.shiro.web.servlet.AbstractShiroFilter.executeChain(AbstractShiroFilter.java:449) [shiro-web-1.4.1.jar:1.4.1]
	at org.apache.shiro.web.servlet.AbstractShiroFilter$1.call(AbstractShiroFilter.java:365) [shiro-web-1.4.1.jar:1.4.1]
	at org.apache.shiro.subject.support.SubjectCallable.doCall(SubjectCallable.java:90) [shiro-core-1.4.1.jar:1.4.1]
	at org.apache.shiro.subject.support.SubjectCallable.call(SubjectCallable.java:83) [shiro-core-1.4.1.jar:1.4.1]
	at org.apache.shiro.subject.support.DelegatingSubject.execute(DelegatingSubject.java:387) [shiro-core-1.4.1.jar:1.4.1]
	at org.apache.shiro.web.servlet.AbstractShiroFilter.doFilterInternal(AbstractShiroFilter.java:362) [shiro-web-1.4.1.jar:1.4.1]
	at org.apache.shiro.web.servlet.OncePerRequestFilter.doFilter(OncePerRequestFilter.java:125) [shiro-web-1.4.1.jar:1.4.1]
	at org.apache.catalina.core.ApplicationFilterChain.internalDoFilter(ApplicationFilterChain.java:193) [tomcat-embed-core-9.0.37.jar:9.0.37]
	at org.apache.catalina.core.ApplicationFilterChain.doFilter(ApplicationFilterChain.java:166) [tomcat-embed-core-9.0.37.jar:9.0.37]
	at com.alibaba.druid.support.http.WebStatFilter.doFilter(WebStatFilter.java:123) [druid-1.1.10.jar:1.1.10]
	at org.apache.catalina.core.ApplicationFilterChain.internalDoFilter(ApplicationFilterChain.java:193) [tomcat-embed-core-9.0.37.jar:9.0.37]
	at org.apache.catalina.core.ApplicationFilterChain.doFilter(ApplicationFilterChain.java:166) [tomcat-embed-core-9.0.37.jar:9.0.37]
	at org.springframework.web.filter.RequestContextFilter.doFilterInternal(RequestContextFilter.java:100) [spring-web-5.2.8.RELEASE.jar:5.2.8.RELEASE]
	at org.springframework.web.filter.OncePerRequestFilter.doFilter(OncePerRequestFilter.java:119) [spring-web-5.2.8.RELEASE.jar:5.2.8.RELEASE]
	at org.apache.catalina.core.ApplicationFilterChain.internalDoFilter(ApplicationFilterChain.java:193) [tomcat-embed-core-9.0.37.jar:9.0.37]
	at org.apache.catalina.core.ApplicationFilterChain.doFilter(ApplicationFilterChain.java:166) [tomcat-embed-core-9.0.37.jar:9.0.37]
	at org.springframework.web.filter.FormContentFilter.doFilterInternal(FormContentFilter.java:93) [spring-web-5.2.8.RELEASE.jar:5.2.8.RELEASE]
	at org.springframework.web.filter.OncePerRequestFilter.doFilter(OncePerRequestFilter.java:119) [spring-web-5.2.8.RELEASE.jar:5.2.8.RELEASE]
	at org.apache.catalina.core.ApplicationFilterChain.internalDoFilter(ApplicationFilterChain.java:193) [tomcat-embed-core-9.0.37.jar:9.0.37]
	at org.apache.catalina.core.ApplicationFilterChain.doFilter(ApplicationFilterChain.java:166) [tomcat-embed-core-9.0.37.jar:9.0.37]
	at org.springframework.web.filter.CharacterEncodingFilter.doFilterInternal(CharacterEncodingFilter.java:201) [spring-web-5.2.8.RELEASE.jar:5.2.8.RELEASE]
	at org.springframework.web.filter.OncePerRequestFilter.doFilter(OncePerRequestFilter.java:119) [spring-web-5.2.8.RELEASE.jar:5.2.8.RELEASE]
	at org.apache.catalina.core.ApplicationFilterChain.internalDoFilter(ApplicationFilterChain.java:193) [tomcat-embed-core-9.0.37.jar:9.0.37]
	at org.apache.catalina.core.ApplicationFilterChain.doFilter(ApplicationFilterChain.java:166) [tomcat-embed-core-9.0.37.jar:9.0.37]
	at org.apache.catalina.core.StandardWrapperValve.invoke(StandardWrapperValve.java:202) [tomcat-embed-core-9.0.37.jar:9.0.37]
	at org.apache.catalina.core.StandardContextValve.invoke(StandardContextValve.java:96) [tomcat-embed-core-9.0.37.jar:9.0.37]
	at org.apache.catalina.authenticator.AuthenticatorBase.invoke(AuthenticatorBase.java:541) [tomcat-embed-core-9.0.37.jar:9.0.37]
	at org.apache.catalina.core.StandardHostValve.invoke(StandardHostValve.java:139) [tomcat-embed-core-9.0.37.jar:9.0.37]
	at org.apache.catalina.valves.ErrorReportValve.invoke(ErrorReportValve.java:92) [tomcat-embed-core-9.0.37.jar:9.0.37]
	at org.apache.catalina.core.StandardEngineValve.invoke(StandardEngineValve.java:74) [tomcat-embed-core-9.0.37.jar:9.0.37]
	at org.apache.catalina.connector.CoyoteAdapter.service(CoyoteAdapter.java:343) [tomcat-embed-core-9.0.37.jar:9.0.37]
	at org.apache.coyote.http11.Http11Processor.service(Http11Processor.java:373) [tomcat-embed-core-9.0.37.jar:9.0.37]
	at org.apache.coyote.AbstractProcessorLight.process(AbstractProcessorLight.java:65) [tomcat-embed-core-9.0.37.jar:9.0.37]
	at org.apache.coyote.AbstractProtocol$ConnectionHandler.process(AbstractProtocol.java:868) [tomcat-embed-core-9.0.37.jar:9.0.37]
	at org.apache.tomcat.util.net.NioEndpoint$SocketProcessor.doRun(NioEndpoint.java:1589) [tomcat-embed-core-9.0.37.jar:9.0.37]
	at org.apache.tomcat.util.net.SocketProcessorBase.run(SocketProcessorBase.java:49) [tomcat-embed-core-9.0.37.jar:9.0.37]
	at java.util.concurrent.ThreadPoolExecutor.runWorker(ThreadPoolExecutor.java:1149) [na:1.8.0_181]
	at java.util.concurrent.ThreadPoolExecutor$Worker.run(ThreadPoolExecutor.java:624) [na:1.8.0_181]
	at org.apache.tomcat.util.threads.TaskThread$WrappingRunnable.run(TaskThread.java:61) [tomcat-embed-core-9.0.37.jar:9.0.37]
	at java.lang.Thread.run(Thread.java:748) [na:1.8.0_181]

2020-11-02 16:51:13.100  INFO 14140 --- [http-nio-8080-exec-10] c.f.hd.shiro.CustomAccessControlFilter   : request 接口地址，/api/home
2020-11-02 16:51:13.100  INFO 14140 --- [http-nio-8080-exec-10] c.f.hd.shiro.CustomAccessControlFilter   : request 接口的请求方式，GET
2020-11-02 16:51:13.101  INFO 14140 --- [http-nio-8080-exec-10] c.f.h.s.CustomHashedCredentialsMatcher   : doCredentialsMatch---userId=9a26f5f1-cbd2-473d-82db-1d6dcf4598f8
2020-11-02 16:51:14.697  INFO 14140 --- [http-nio-8080-exec-4] c.f.hd.shiro.CustomAccessControlFilter   : request 接口地址，/sysPermission/permissions
2020-11-02 16:51:14.697  INFO 14140 --- [http-nio-8080-exec-4] c.f.hd.shiro.CustomAccessControlFilter   : request 接口的请求方式，GET
2020-11-02 16:51:14.697  INFO 14140 --- [http-nio-8080-exec-4] c.f.h.s.CustomHashedCredentialsMatcher   : doCredentialsMatch---userId=9a26f5f1-cbd2-473d-82db-1d6dcf4598f8
2020-11-02 16:51:16.522  INFO 14140 --- [http-nio-8080-exec-2] c.f.hd.shiro.CustomAccessControlFilter   : request 接口地址，/sysPermission/permission/tree
2020-11-02 16:51:16.523  INFO 14140 --- [http-nio-8080-exec-2] c.f.hd.shiro.CustomAccessControlFilter   : request 接口的请求方式，GET
2020-11-02 16:51:16.523  INFO 14140 --- [http-nio-8080-exec-2] c.f.h.s.CustomHashedCredentialsMatcher   : doCredentialsMatch---userId=9a26f5f1-cbd2-473d-82db-1d6dcf4598f8
2020-11-02 16:51:19.217  INFO 14140 --- [http-nio-8080-exec-3] c.f.hd.shiro.CustomAccessControlFilter   : request 接口地址，/sysPermission/permission/tree
2020-11-02 16:51:19.217  INFO 14140 --- [http-nio-8080-exec-3] c.f.hd.shiro.CustomAccessControlFilter   : request 接口的请求方式，GET
2020-11-02 16:51:19.218  INFO 14140 --- [http-nio-8080-exec-3] c.f.h.s.CustomHashedCredentialsMatcher   : doCredentialsMatch---userId=9a26f5f1-cbd2-473d-82db-1d6dcf4598f8
2020-11-02 16:56:18.449  INFO 14140 --- [Thread-25] o.s.s.concurrent.ThreadPoolTaskExecutor  : Shutting down ExecutorService 'applicationTaskExecutor'
2020-11-02 16:56:18.454  INFO 14140 --- [Thread-25] com.alibaba.druid.pool.DruidDataSource   : {dataSource-2} closed
2020-11-02 16:56:18.910  INFO 14140 --- [restartedMain] com.frido.hd.CompanyFrameApplication     : Starting CompanyFrameApplication on LDHao-PC with PID 14140 (C:\Work\Learn\company-frame\target\classes started by LDHao in C:\Work\Learn\company-frame)
2020-11-02 16:56:18.910 DEBUG 14140 --- [restartedMain] com.frido.hd.CompanyFrameApplication     : Running with Spring Boot v2.3.3.RELEASE, Spring v5.2.8.RELEASE
2020-11-02 16:56:18.910  INFO 14140 --- [restartedMain] com.frido.hd.CompanyFrameApplication     : No active profile set, falling back to default profiles: default
2020-11-02 16:56:19.293  INFO 14140 --- [restartedMain] .s.d.r.c.RepositoryConfigurationDelegate : Multiple Spring Data modules found, entering strict repository configuration mode!
2020-11-02 16:56:19.293  INFO 14140 --- [restartedMain] .s.d.r.c.RepositoryConfigurationDelegate : Bootstrapping Spring Data Redis repositories in DEFAULT mode.
2020-11-02 16:56:19.306  INFO 14140 --- [restartedMain] .s.d.r.c.RepositoryConfigurationDelegate : Finished Spring Data repository scanning in 12ms. Found 0 Redis repository interfaces.
2020-11-02 16:56:19.364  INFO 14140 --- [restartedMain] trationDelegate$BeanPostProcessorChecker : Bean 'shiroConfig' of type [com.frido.hd.shiro.ShiroConfig$$EnhancerBySpringCGLIB$$851760f7] is not eligible for getting processed by all BeanPostProcessors (for example: not eligible for auto-proxying)
2020-11-02 16:56:19.383  INFO 14140 --- [restartedMain] trationDelegate$BeanPostProcessorChecker : Bean 'redisConfig' of type [com.frido.hd.redis.RedisConfig$$EnhancerBySpringCGLIB$$fc00500b] is not eligible for getting processed by all BeanPostProcessors (for example: not eligible for auto-proxying)
2020-11-02 16:56:19.390  INFO 14140 --- [restartedMain] trationDelegate$BeanPostProcessorChecker : Bean 'spring.redis-org.springframework.boot.autoconfigure.data.redis.RedisProperties' of type [org.springframework.boot.autoconfigure.data.redis.RedisProperties] is not eligible for getting processed by all BeanPostProcessors (for example: not eligible for auto-proxying)
2020-11-02 16:56:19.392  INFO 14140 --- [restartedMain] trationDelegate$BeanPostProcessorChecker : Bean 'org.springframework.boot.autoconfigure.data.redis.LettuceConnectionConfiguration' of type [org.springframework.boot.autoconfigure.data.redis.LettuceConnectionConfiguration] is not eligible for getting processed by all BeanPostProcessors (for example: not eligible for auto-proxying)
2020-11-02 16:56:19.394  INFO 14140 --- [restartedMain] trationDelegate$BeanPostProcessorChecker : Bean 'lettuceClientResources' of type [io.lettuce.core.resource.DefaultClientResources] is not eligible for getting processed by all BeanPostProcessors (for example: not eligible for auto-proxying)
2020-11-02 16:56:19.397  INFO 14140 --- [restartedMain] trationDelegate$BeanPostProcessorChecker : Bean 'redisConnectionFactory' of type [org.springframework.data.redis.connection.lettuce.LettuceConnectionFactory] is not eligible for getting processed by all BeanPostProcessors (for example: not eligible for auto-proxying)
2020-11-02 16:56:19.402  INFO 14140 --- [restartedMain] trationDelegate$BeanPostProcessorChecker : Bean 'redisTemplate' of type [org.springframework.data.redis.core.RedisTemplate] is not eligible for getting processed by all BeanPostProcessors (for example: not eligible for auto-proxying)
2020-11-02 16:56:19.404  INFO 14140 --- [restartedMain] trationDelegate$BeanPostProcessorChecker : Bean 'redisService' of type [com.frido.hd.redis.RedisService] is not eligible for getting processed by all BeanPostProcessors (for example: not eligible for auto-proxying)
2020-11-02 16:56:19.404  INFO 14140 --- [restartedMain] trationDelegate$BeanPostProcessorChecker : Bean 'customHashedCredentialsMatcher' of type [com.frido.hd.shiro.CustomHashedCredentialsMatcher] is not eligible for getting processed by all BeanPostProcessors (for example: not eligible for auto-proxying)
2020-11-02 16:56:19.406  INFO 14140 --- [restartedMain] trationDelegate$BeanPostProcessorChecker : Bean 'cacheManager' of type [com.frido.hd.shiro.ShiroCacheManager] is not eligible for getting processed by all BeanPostProcessors (for example: not eligible for auto-proxying)
2020-11-02 16:56:19.409  INFO 14140 --- [restartedMain] trationDelegate$BeanPostProcessorChecker : Bean 'customRealm' of type [com.frido.hd.shiro.CustomRealm] is not eligible for getting processed by all BeanPostProcessors (for example: not eligible for auto-proxying)
2020-11-02 16:56:19.412  INFO 14140 --- [restartedMain] trationDelegate$BeanPostProcessorChecker : Bean 'securityManager' of type [org.apache.shiro.web.mgt.DefaultWebSecurityManager] is not eligible for getting processed by all BeanPostProcessors (for example: not eligible for auto-proxying)
2020-11-02 16:56:19.414  INFO 14140 --- [restartedMain] trationDelegate$BeanPostProcessorChecker : Bean 'authorizationAttributeSourceAdvisor' of type [org.apache.shiro.spring.security.interceptor.AuthorizationAttributeSourceAdvisor] is not eligible for getting processed by all BeanPostProcessors (for example: not eligible for auto-proxying)
2020-11-02 16:56:19.537  INFO 14140 --- [restartedMain] o.s.b.w.embedded.tomcat.TomcatWebServer  : Tomcat initialized with port(s): 8080 (http)
2020-11-02 16:56:19.538  INFO 14140 --- [restartedMain] o.apache.catalina.core.StandardService   : Starting service [Tomcat]
2020-11-02 16:56:19.538  INFO 14140 --- [restartedMain] org.apache.catalina.core.StandardEngine  : Starting Servlet engine: [Apache Tomcat/9.0.37]
2020-11-02 16:56:19.554  INFO 14140 --- [restartedMain] o.a.c.c.C.[Tomcat].[localhost].[/]       : Initializing Spring embedded WebApplicationContext
2020-11-02 16:56:19.554  INFO 14140 --- [restartedMain] w.s.c.ServletWebServerApplicationContext : Root WebApplicationContext: initialization completed in 640 ms
2020-11-02 16:56:19.623  INFO 14140 --- [restartedMain] c.a.d.s.b.a.DruidDataSourceAutoConfigure : Init DruidDataSource
2020-11-02 16:56:19.746  INFO 14140 --- [restartedMain] com.alibaba.druid.pool.DruidDataSource   : {dataSource-3} inited
2020-11-02 16:56:20.153  INFO 14140 --- [restartedMain] pertySourcedRequestMappingHandlerMapping : Mapped URL path [/v2/api-docs] onto method [springfox.documentation.swagger2.web.Swagger2Controller#getDocumentation(String, HttpServletRequest)]
2020-11-02 16:56:20.249  INFO 14140 --- [restartedMain] o.s.s.concurrent.ThreadPoolTaskExecutor  : Initializing ExecutorService 'applicationTaskExecutor'
2020-11-02 16:56:20.271  INFO 14140 --- [restartedMain] o.s.b.d.a.OptionalLiveReloadServer       : LiveReload server is running on port 35729
2020-11-02 16:56:20.524  INFO 14140 --- [restartedMain] o.s.b.w.embedded.tomcat.TomcatWebServer  : Tomcat started on port(s): 8080 (http) with context path ''
2020-11-02 16:56:20.525  INFO 14140 --- [restartedMain] d.s.w.p.DocumentationPluginsBootstrapper : Context refreshed
2020-11-02 16:56:20.526  INFO 14140 --- [restartedMain] d.s.w.p.DocumentationPluginsBootstrapper : Found 1 custom documentation plugin(s)
2020-11-02 16:56:20.533  INFO 14140 --- [restartedMain] s.d.s.w.s.ApiListingReferenceScanner     : Scanning for api listing references
2020-11-02 16:56:20.591  INFO 14140 --- [restartedMain] com.frido.hd.CompanyFrameApplication     : Started CompanyFrameApplication in 1.729 seconds (JVM running for 24834.536)
2020-11-02 16:56:20.593  INFO 14140 --- [restartedMain] .ConditionEvaluationDeltaLoggingListener : Condition evaluation unchanged
2020-11-02 16:57:56.135  INFO 14140 --- [Thread-30] o.s.s.concurrent.ThreadPoolTaskExecutor  : Shutting down ExecutorService 'applicationTaskExecutor'
2020-11-02 16:57:56.140  INFO 14140 --- [Thread-30] com.alibaba.druid.pool.DruidDataSource   : {dataSource-3} closed
2020-11-02 16:57:56.515  INFO 14140 --- [restartedMain] com.frido.hd.CompanyFrameApplication     : Starting CompanyFrameApplication on LDHao-PC with PID 14140 (C:\Work\Learn\company-frame\target\classes started by LDHao in C:\Work\Learn\company-frame)
2020-11-02 16:57:56.516 DEBUG 14140 --- [restartedMain] com.frido.hd.CompanyFrameApplication     : Running with Spring Boot v2.3.3.RELEASE, Spring v5.2.8.RELEASE
2020-11-02 16:57:56.516  INFO 14140 --- [restartedMain] com.frido.hd.CompanyFrameApplication     : No active profile set, falling back to default profiles: default
2020-11-02 16:57:56.855  INFO 14140 --- [restartedMain] .s.d.r.c.RepositoryConfigurationDelegate : Multiple Spring Data modules found, entering strict repository configuration mode!
2020-11-02 16:57:56.855  INFO 14140 --- [restartedMain] .s.d.r.c.RepositoryConfigurationDelegate : Bootstrapping Spring Data Redis repositories in DEFAULT mode.
2020-11-02 16:57:56.871  INFO 14140 --- [restartedMain] .s.d.r.c.RepositoryConfigurationDelegate : Finished Spring Data repository scanning in 15ms. Found 0 Redis repository interfaces.
2020-11-02 16:57:56.929  INFO 14140 --- [restartedMain] trationDelegate$BeanPostProcessorChecker : Bean 'shiroConfig' of type [com.frido.hd.shiro.ShiroConfig$$EnhancerBySpringCGLIB$$851760f7] is not eligible for getting processed by all BeanPostProcessors (for example: not eligible for auto-proxying)
2020-11-02 16:57:56.944  INFO 14140 --- [restartedMain] trationDelegate$BeanPostProcessorChecker : Bean 'redisConfig' of type [com.frido.hd.redis.RedisConfig$$EnhancerBySpringCGLIB$$fc00500b] is not eligible for getting processed by all BeanPostProcessors (for example: not eligible for auto-proxying)
2020-11-02 16:57:56.950  INFO 14140 --- [restartedMain] trationDelegate$BeanPostProcessorChecker : Bean 'spring.redis-org.springframework.boot.autoconfigure.data.redis.RedisProperties' of type [org.springframework.boot.autoconfigure.data.redis.RedisProperties] is not eligible for getting processed by all BeanPostProcessors (for example: not eligible for auto-proxying)
2020-11-02 16:57:56.951  INFO 14140 --- [restartedMain] trationDelegate$BeanPostProcessorChecker : Bean 'org.springframework.boot.autoconfigure.data.redis.LettuceConnectionConfiguration' of type [org.springframework.boot.autoconfigure.data.redis.LettuceConnectionConfiguration] is not eligible for getting processed by all BeanPostProcessors (for example: not eligible for auto-proxying)
2020-11-02 16:57:56.952  INFO 14140 --- [restartedMain] trationDelegate$BeanPostProcessorChecker : Bean 'lettuceClientResources' of type [io.lettuce.core.resource.DefaultClientResources] is not eligible for getting processed by all BeanPostProcessors (for example: not eligible for auto-proxying)
2020-11-02 16:57:56.953  INFO 14140 --- [restartedMain] trationDelegate$BeanPostProcessorChecker : Bean 'redisConnectionFactory' of type [org.springframework.data.redis.connection.lettuce.LettuceConnectionFactory] is not eligible for getting processed by all BeanPostProcessors (for example: not eligible for auto-proxying)
2020-11-02 16:57:56.956  INFO 14140 --- [restartedMain] trationDelegate$BeanPostProcessorChecker : Bean 'redisTemplate' of type [org.springframework.data.redis.core.RedisTemplate] is not eligible for getting processed by all BeanPostProcessors (for example: not eligible for auto-proxying)
2020-11-02 16:57:56.957  INFO 14140 --- [restartedMain] trationDelegate$BeanPostProcessorChecker : Bean 'redisService' of type [com.frido.hd.redis.RedisService] is not eligible for getting processed by all BeanPostProcessors (for example: not eligible for auto-proxying)
2020-11-02 16:57:56.957  INFO 14140 --- [restartedMain] trationDelegate$BeanPostProcessorChecker : Bean 'customHashedCredentialsMatcher' of type [com.frido.hd.shiro.CustomHashedCredentialsMatcher] is not eligible for getting processed by all BeanPostProcessors (for example: not eligible for auto-proxying)
2020-11-02 16:57:56.959  INFO 14140 --- [restartedMain] trationDelegate$BeanPostProcessorChecker : Bean 'cacheManager' of type [com.frido.hd.shiro.ShiroCacheManager] is not eligible for getting processed by all BeanPostProcessors (for example: not eligible for auto-proxying)
2020-11-02 16:57:56.960  INFO 14140 --- [restartedMain] trationDelegate$BeanPostProcessorChecker : Bean 'customRealm' of type [com.frido.hd.shiro.CustomRealm] is not eligible for getting processed by all BeanPostProcessors (for example: not eligible for auto-proxying)
2020-11-02 16:57:56.962  INFO 14140 --- [restartedMain] trationDelegate$BeanPostProcessorChecker : Bean 'securityManager' of type [org.apache.shiro.web.mgt.DefaultWebSecurityManager] is not eligible for getting processed by all BeanPostProcessors (for example: not eligible for auto-proxying)
2020-11-02 16:57:56.963  INFO 14140 --- [restartedMain] trationDelegate$BeanPostProcessorChecker : Bean 'authorizationAttributeSourceAdvisor' of type [org.apache.shiro.spring.security.interceptor.AuthorizationAttributeSourceAdvisor] is not eligible for getting processed by all BeanPostProcessors (for example: not eligible for auto-proxying)
2020-11-02 16:57:57.059  INFO 14140 --- [restartedMain] o.s.b.w.embedded.tomcat.TomcatWebServer  : Tomcat initialized with port(s): 8080 (http)
2020-11-02 16:57:57.060  INFO 14140 --- [restartedMain] o.apache.catalina.core.StandardService   : Starting service [Tomcat]
2020-11-02 16:57:57.060  INFO 14140 --- [restartedMain] org.apache.catalina.core.StandardEngine  : Starting Servlet engine: [Apache Tomcat/9.0.37]
2020-11-02 16:57:57.075  INFO 14140 --- [restartedMain] o.a.c.c.C.[Tomcat].[localhost].[/]       : Initializing Spring embedded WebApplicationContext
2020-11-02 16:57:57.075  INFO 14140 --- [restartedMain] w.s.c.ServletWebServerApplicationContext : Root WebApplicationContext: initialization completed in 556 ms
2020-11-02 16:57:57.142  INFO 14140 --- [restartedMain] c.a.d.s.b.a.DruidDataSourceAutoConfigure : Init DruidDataSource
2020-11-02 16:57:57.256  INFO 14140 --- [restartedMain] com.alibaba.druid.pool.DruidDataSource   : {dataSource-4} inited
2020-11-02 16:57:57.776  INFO 14140 --- [restartedMain] pertySourcedRequestMappingHandlerMapping : Mapped URL path [/v2/api-docs] onto method [springfox.documentation.swagger2.web.Swagger2Controller#getDocumentation(String, HttpServletRequest)]
2020-11-02 16:57:57.917  INFO 14140 --- [restartedMain] o.s.s.concurrent.ThreadPoolTaskExecutor  : Initializing ExecutorService 'applicationTaskExecutor'
2020-11-02 16:57:57.974  INFO 14140 --- [restartedMain] o.s.b.d.a.OptionalLiveReloadServer       : LiveReload server is running on port 35729
2020-11-02 16:57:58.363  INFO 14140 --- [restartedMain] o.s.b.w.embedded.tomcat.TomcatWebServer  : Tomcat started on port(s): 8080 (http) with context path ''
2020-11-02 16:57:58.364  INFO 14140 --- [restartedMain] d.s.w.p.DocumentationPluginsBootstrapper : Context refreshed
2020-11-02 16:57:58.365  INFO 14140 --- [restartedMain] d.s.w.p.DocumentationPluginsBootstrapper : Found 1 custom documentation plugin(s)
2020-11-02 16:57:58.377  INFO 14140 --- [restartedMain] s.d.s.w.s.ApiListingReferenceScanner     : Scanning for api listing references
2020-11-02 16:57:58.442  INFO 14140 --- [restartedMain] com.frido.hd.CompanyFrameApplication     : Started CompanyFrameApplication in 1.965 seconds (JVM running for 24932.384)
2020-11-02 16:57:58.444  INFO 14140 --- [restartedMain] .ConditionEvaluationDeltaLoggingListener : Condition evaluation unchanged
2020-11-02 16:58:26.112  INFO 14140 --- [Thread-35] o.s.s.concurrent.ThreadPoolTaskExecutor  : Shutting down ExecutorService 'applicationTaskExecutor'
2020-11-02 16:58:26.119  INFO 14140 --- [Thread-35] com.alibaba.druid.pool.DruidDataSource   : {dataSource-4} closed
2020-11-02 16:58:26.394  INFO 14140 --- [restartedMain] com.frido.hd.CompanyFrameApplication     : Starting CompanyFrameApplication on LDHao-PC with PID 14140 (C:\Work\Learn\company-frame\target\classes started by LDHao in C:\Work\Learn\company-frame)
2020-11-02 16:58:26.394 DEBUG 14140 --- [restartedMain] com.frido.hd.CompanyFrameApplication     : Running with Spring Boot v2.3.3.RELEASE, Spring v5.2.8.RELEASE
2020-11-02 16:58:26.394  INFO 14140 --- [restartedMain] com.frido.hd.CompanyFrameApplication     : No active profile set, falling back to default profiles: default
2020-11-02 16:58:26.780  INFO 14140 --- [restartedMain] .s.d.r.c.RepositoryConfigurationDelegate : Multiple Spring Data modules found, entering strict repository configuration mode!
2020-11-02 16:58:26.780  INFO 14140 --- [restartedMain] .s.d.r.c.RepositoryConfigurationDelegate : Bootstrapping Spring Data Redis repositories in DEFAULT mode.
2020-11-02 16:58:26.802  INFO 14140 --- [restartedMain] .s.d.r.c.RepositoryConfigurationDelegate : Finished Spring Data repository scanning in 19ms. Found 0 Redis repository interfaces.
2020-11-02 16:58:26.909  INFO 14140 --- [restartedMain] trationDelegate$BeanPostProcessorChecker : Bean 'shiroConfig' of type [com.frido.hd.shiro.ShiroConfig$$EnhancerBySpringCGLIB$$851760f7] is not eligible for getting processed by all BeanPostProcessors (for example: not eligible for auto-proxying)
2020-11-02 16:58:26.930  INFO 14140 --- [restartedMain] trationDelegate$BeanPostProcessorChecker : Bean 'redisConfig' of type [com.frido.hd.redis.RedisConfig$$EnhancerBySpringCGLIB$$fc00500b] is not eligible for getting processed by all BeanPostProcessors (for example: not eligible for auto-proxying)
2020-11-02 16:58:26.931  INFO 14140 --- [restartedMain] trationDelegate$BeanPostProcessorChecker : Bean 'spring.redis-org.springframework.boot.autoconfigure.data.redis.RedisProperties' of type [org.springframework.boot.autoconfigure.data.redis.RedisProperties] is not eligible for getting processed by all BeanPostProcessors (for example: not eligible for auto-proxying)
2020-11-02 16:58:26.941  INFO 14140 --- [restartedMain] trationDelegate$BeanPostProcessorChecker : Bean 'org.springframework.boot.autoconfigure.data.redis.LettuceConnectionConfiguration' of type [org.springframework.boot.autoconfigure.data.redis.LettuceConnectionConfiguration] is not eligible for getting processed by all BeanPostProcessors (for example: not eligible for auto-proxying)
2020-11-02 16:58:26.941  INFO 14140 --- [restartedMain] trationDelegate$BeanPostProcessorChecker : Bean 'lettuceClientResources' of type [io.lettuce.core.resource.DefaultClientResources] is not eligible for getting processed by all BeanPostProcessors (for example: not eligible for auto-proxying)
2020-11-02 16:58:26.941  INFO 14140 --- [restartedMain] trationDelegate$BeanPostProcessorChecker : Bean 'redisConnectionFactory' of type [org.springframework.data.redis.connection.lettuce.LettuceConnectionFactory] is not eligible for getting processed by all BeanPostProcessors (for example: not eligible for auto-proxying)
2020-11-02 16:58:26.952  INFO 14140 --- [restartedMain] trationDelegate$BeanPostProcessorChecker : Bean 'redisTemplate' of type [org.springframework.data.redis.core.RedisTemplate] is not eligible for getting processed by all BeanPostProcessors (for example: not eligible for auto-proxying)
2020-11-02 16:58:26.953  INFO 14140 --- [restartedMain] trationDelegate$BeanPostProcessorChecker : Bean 'redisService' of type [com.frido.hd.redis.RedisService] is not eligible for getting processed by all BeanPostProcessors (for example: not eligible for auto-proxying)
2020-11-02 16:58:26.953  INFO 14140 --- [restartedMain] trationDelegate$BeanPostProcessorChecker : Bean 'customHashedCredentialsMatcher' of type [com.frido.hd.shiro.CustomHashedCredentialsMatcher] is not eligible for getting processed by all BeanPostProcessors (for example: not eligible for auto-proxying)
2020-11-02 16:58:26.953  INFO 14140 --- [restartedMain] trationDelegate$BeanPostProcessorChecker : Bean 'cacheManager' of type [com.frido.hd.shiro.ShiroCacheManager] is not eligible for getting processed by all BeanPostProcessors (for example: not eligible for auto-proxying)
2020-11-02 16:58:26.953  INFO 14140 --- [restartedMain] trationDelegate$BeanPostProcessorChecker : Bean 'customRealm' of type [com.frido.hd.shiro.CustomRealm] is not eligible for getting processed by all BeanPostProcessors (for example: not eligible for auto-proxying)
2020-11-02 16:58:26.953  INFO 14140 --- [restartedMain] trationDelegate$BeanPostProcessorChecker : Bean 'securityManager' of type [org.apache.shiro.web.mgt.DefaultWebSecurityManager] is not eligible for getting processed by all BeanPostProcessors (for example: not eligible for auto-proxying)
2020-11-02 16:58:26.963  INFO 14140 --- [restartedMain] trationDelegate$BeanPostProcessorChecker : Bean 'authorizationAttributeSourceAdvisor' of type [org.apache.shiro.spring.security.interceptor.AuthorizationAttributeSourceAdvisor] is not eligible for getting processed by all BeanPostProcessors (for example: not eligible for auto-proxying)
2020-11-02 16:58:27.085  INFO 14140 --- [restartedMain] o.s.b.w.embedded.tomcat.TomcatWebServer  : Tomcat initialized with port(s): 8080 (http)
2020-11-02 16:58:27.086  INFO 14140 --- [restartedMain] o.apache.catalina.core.StandardService   : Starting service [Tomcat]
2020-11-02 16:58:27.087  INFO 14140 --- [restartedMain] org.apache.catalina.core.StandardEngine  : Starting Servlet engine: [Apache Tomcat/9.0.37]
2020-11-02 16:58:27.104  INFO 14140 --- [restartedMain] o.a.c.c.C.[Tomcat].[localhost].[/]       : Initializing Spring embedded WebApplicationContext
2020-11-02 16:58:27.104  INFO 14140 --- [restartedMain] w.s.c.ServletWebServerApplicationContext : Root WebApplicationContext: initialization completed in 706 ms
2020-11-02 16:58:27.196  INFO 14140 --- [restartedMain] c.a.d.s.b.a.DruidDataSourceAutoConfigure : Init DruidDataSource
2020-11-02 16:58:27.322  INFO 14140 --- [restartedMain] com.alibaba.druid.pool.DruidDataSource   : {dataSource-5} inited
2020-11-02 16:58:27.480  WARN 14140 --- [restartedMain] ConfigServletWebServerApplicationContext : Exception encountered during context initialization - cancelling refresh attempt: org.springframework.beans.factory.BeanCreationException: Error creating bean with name 'sysPermissionController': Injection of resource dependencies failed; nested exception is org.springframework.beans.factory.NoSuchBeanDefinitionException: No qualifying bean of type 'com.frido.hd.sys.service.ISysPermissionService' available: expected at least 1 bean which qualifies as autowire candidate. Dependency annotations: {@javax.annotation.Resource(shareable=true, lookup=, name=, description=, authenticationType=CONTAINER, type=class java.lang.Object, mappedName=)}
2020-11-02 16:58:27.484  INFO 14140 --- [restartedMain] com.alibaba.druid.pool.DruidDataSource   : {dataSource-5} closed
2020-11-02 16:58:27.488  INFO 14140 --- [restartedMain] o.apache.catalina.core.StandardService   : Stopping service [Tomcat]
2020-11-02 16:58:27.499  INFO 14140 --- [restartedMain] ConditionEvaluationReportLoggingListener : 

Error starting ApplicationContext. To display the conditions report re-run your application with 'debug' enabled.
2020-11-02 16:58:27.655 ERROR 14140 --- [restartedMain] o.s.b.d.LoggingFailureAnalysisReporter   : 

***************************
APPLICATION FAILED TO START
***************************

Description:

A component required a bean of type 'com.frido.hd.sys.service.ISysPermissionService' that could not be found.


Action:

Consider defining a bean of type 'com.frido.hd.sys.service.ISysPermissionService' in your configuration.

2020-11-02 16:59:38.240  INFO 14140 --- [restartedMain] com.frido.hd.CompanyFrameApplication     : Starting CompanyFrameApplication on LDHao-PC with PID 14140 (C:\Work\Learn\company-frame\target\classes started by LDHao in C:\Work\Learn\company-frame)
2020-11-02 16:59:38.240 DEBUG 14140 --- [restartedMain] com.frido.hd.CompanyFrameApplication     : Running with Spring Boot v2.3.3.RELEASE, Spring v5.2.8.RELEASE
2020-11-02 16:59:38.240  INFO 14140 --- [restartedMain] com.frido.hd.CompanyFrameApplication     : No active profile set, falling back to default profiles: default
2020-11-02 16:59:38.718  INFO 14140 --- [restartedMain] .s.d.r.c.RepositoryConfigurationDelegate : Multiple Spring Data modules found, entering strict repository configuration mode!
2020-11-02 16:59:38.718  INFO 14140 --- [restartedMain] .s.d.r.c.RepositoryConfigurationDelegate : Bootstrapping Spring Data Redis repositories in DEFAULT mode.
2020-11-02 16:59:38.739  INFO 14140 --- [restartedMain] .s.d.r.c.RepositoryConfigurationDelegate : Finished Spring Data repository scanning in 20ms. Found 0 Redis repository interfaces.
2020-11-02 16:59:38.847  INFO 14140 --- [restartedMain] trationDelegate$BeanPostProcessorChecker : Bean 'shiroConfig' of type [com.frido.hd.shiro.ShiroConfig$$EnhancerBySpringCGLIB$$851760f7] is not eligible for getting processed by all BeanPostProcessors (for example: not eligible for auto-proxying)
2020-11-02 16:59:38.903  INFO 14140 --- [restartedMain] trationDelegate$BeanPostProcessorChecker : Bean 'redisConfig' of type [com.frido.hd.redis.RedisConfig$$EnhancerBySpringCGLIB$$fc00500b] is not eligible for getting processed by all BeanPostProcessors (for example: not eligible for auto-proxying)
2020-11-02 16:59:38.914  INFO 14140 --- [restartedMain] trationDelegate$BeanPostProcessorChecker : Bean 'spring.redis-org.springframework.boot.autoconfigure.data.redis.RedisProperties' of type [org.springframework.boot.autoconfigure.data.redis.RedisProperties] is not eligible for getting processed by all BeanPostProcessors (for example: not eligible for auto-proxying)
2020-11-02 16:59:38.914  INFO 14140 --- [restartedMain] trationDelegate$BeanPostProcessorChecker : Bean 'org.springframework.boot.autoconfigure.data.redis.LettuceConnectionConfiguration' of type [org.springframework.boot.autoconfigure.data.redis.LettuceConnectionConfiguration] is not eligible for getting processed by all BeanPostProcessors (for example: not eligible for auto-proxying)
2020-11-02 16:59:38.914  INFO 14140 --- [restartedMain] trationDelegate$BeanPostProcessorChecker : Bean 'lettuceClientResources' of type [io.lettuce.core.resource.DefaultClientResources] is not eligible for getting processed by all BeanPostProcessors (for example: not eligible for auto-proxying)
2020-11-02 16:59:38.925  INFO 14140 --- [restartedMain] trationDelegate$BeanPostProcessorChecker : Bean 'redisConnectionFactory' of type [org.springframework.data.redis.connection.lettuce.LettuceConnectionFactory] is not eligible for getting processed by all BeanPostProcessors (for example: not eligible for auto-proxying)
2020-11-02 16:59:38.925  INFO 14140 --- [restartedMain] trationDelegate$BeanPostProcessorChecker : Bean 'redisTemplate' of type [org.springframework.data.redis.core.RedisTemplate] is not eligible for getting processed by all BeanPostProcessors (for example: not eligible for auto-proxying)
2020-11-02 16:59:38.935  INFO 14140 --- [restartedMain] trationDelegate$BeanPostProcessorChecker : Bean 'redisService' of type [com.frido.hd.redis.RedisService] is not eligible for getting processed by all BeanPostProcessors (for example: not eligible for auto-proxying)
2020-11-02 16:59:38.935  INFO 14140 --- [restartedMain] trationDelegate$BeanPostProcessorChecker : Bean 'customHashedCredentialsMatcher' of type [com.frido.hd.shiro.CustomHashedCredentialsMatcher] is not eligible for getting processed by all BeanPostProcessors (for example: not eligible for auto-proxying)
2020-11-02 16:59:38.935  INFO 14140 --- [restartedMain] trationDelegate$BeanPostProcessorChecker : Bean 'cacheManager' of type [com.frido.hd.shiro.ShiroCacheManager] is not eligible for getting processed by all BeanPostProcessors (for example: not eligible for auto-proxying)
2020-11-02 16:59:38.935  INFO 14140 --- [restartedMain] trationDelegate$BeanPostProcessorChecker : Bean 'customRealm' of type [com.frido.hd.shiro.CustomRealm] is not eligible for getting processed by all BeanPostProcessors (for example: not eligible for auto-proxying)
2020-11-02 16:59:38.945  INFO 14140 --- [restartedMain] trationDelegate$BeanPostProcessorChecker : Bean 'securityManager' of type [org.apache.shiro.web.mgt.DefaultWebSecurityManager] is not eligible for getting processed by all BeanPostProcessors (for example: not eligible for auto-proxying)
2020-11-02 16:59:38.945  INFO 14140 --- [restartedMain] trationDelegate$BeanPostProcessorChecker : Bean 'authorizationAttributeSourceAdvisor' of type [org.apache.shiro.spring.security.interceptor.AuthorizationAttributeSourceAdvisor] is not eligible for getting processed by all BeanPostProcessors (for example: not eligible for auto-proxying)
2020-11-02 16:59:39.142  INFO 14140 --- [restartedMain] o.s.b.w.embedded.tomcat.TomcatWebServer  : Tomcat initialized with port(s): 8080 (http)
2020-11-02 16:59:39.143  INFO 14140 --- [restartedMain] o.apache.catalina.core.StandardService   : Starting service [Tomcat]
2020-11-02 16:59:39.143  INFO 14140 --- [restartedMain] org.apache.catalina.core.StandardEngine  : Starting Servlet engine: [Apache Tomcat/9.0.37]
2020-11-02 16:59:39.171  INFO 14140 --- [restartedMain] o.a.c.c.C.[Tomcat-1].[localhost].[/]     : Initializing Spring embedded WebApplicationContext
2020-11-02 16:59:39.171  INFO 14140 --- [restartedMain] w.s.c.ServletWebServerApplicationContext : Root WebApplicationContext: initialization completed in 921 ms
2020-11-02 16:59:39.303  INFO 14140 --- [restartedMain] c.a.d.s.b.a.DruidDataSourceAutoConfigure : Init DruidDataSource
2020-11-02 16:59:39.607  INFO 14140 --- [restartedMain] com.alibaba.druid.pool.DruidDataSource   : {dataSource-6} inited
2020-11-02 16:59:39.896  WARN 14140 --- [restartedMain] ConfigServletWebServerApplicationContext : Exception encountered during context initialization - cancelling refresh attempt: org.springframework.beans.factory.BeanCreationException: Error creating bean with name 'sysPermissionController': Injection of resource dependencies failed; nested exception is org.springframework.beans.factory.NoSuchBeanDefinitionException: No qualifying bean of type 'com.frido.hd.sys.service.ISysPermissionService' available: expected at least 1 bean which qualifies as autowire candidate. Dependency annotations: {@javax.annotation.Resource(shareable=true, lookup=, name=, description=, authenticationType=CONTAINER, type=class java.lang.Object, mappedName=)}
2020-11-02 16:59:39.900  INFO 14140 --- [restartedMain] com.alibaba.druid.pool.DruidDataSource   : {dataSource-6} closed
2020-11-02 16:59:39.910  INFO 14140 --- [restartedMain] o.apache.catalina.core.StandardService   : Stopping service [Tomcat]
2020-11-02 16:59:39.935  INFO 14140 --- [restartedMain] ConditionEvaluationReportLoggingListener : 

Error starting ApplicationContext. To display the conditions report re-run your application with 'debug' enabled.
2020-11-02 16:59:40.161 ERROR 14140 --- [restartedMain] o.s.b.d.LoggingFailureAnalysisReporter   : 

***************************
APPLICATION FAILED TO START
***************************

Description:

A component required a bean of type 'com.frido.hd.sys.service.ISysPermissionService' that could not be found.


Action:

Consider defining a bean of type 'com.frido.hd.sys.service.ISysPermissionService' in your configuration.

